Start testing: Dec 11 15:06 UTC
----------------------------------------------------------
1/3 Testing: async_fifo_clkrates_tb
1/3 Test: async_fifo_clkrates_tb
Command: "/usr/bin/vvp" "/workspace/build/async_fifo_clkrates_tb.vvp"
Directory: /workspace/build
"async_fifo_clkrates_tb" start time: Dec 11 15:06 UTC
Output:
----------------------------------------------------------

=== TEST CASE: Multiple-clock-ratios ===

VCD info: dumpfile test_case_1.vcd opened for output.
VCD warning: $dumpvars: Package ($unit) is not dumpable with VCD.
----STARTING THE TESTBENCH-----
----- Read clock is 50 MHz -----
----- Setting write clock to 80 MHz -----
Input data was   0 
Input data was  36 
Input data was 129 
Input data was   9 
Input data was  99 
Input data was  13 
Input data was 141 
Input data was 101 
Input data was  18 
Output data was   0,           MATCH
Input data was   1 
Output data was  36,           MATCH
Input data was  13 
Input data was 118 
Output data was 129,           MATCH
Input data was  61 
Output data was   9,           MATCH
Input data was 237 
Input data was 140 
Output data was  99,           MATCH
Input data was 249 
Input data was 198 
Output data was  13,           MATCH
Output data was 141,           MATCH
Input data was 197 
Output data was 101,           MATCH
Input data was 170 
Output data was  18,           MATCH
Input data was 229 
Output data was   1,           MATCH
Input data was 119 
Input data was  18 
Output data was  13,           MATCH
Output data was 118,           MATCH
Input data was 143 
Output data was  61,           MATCH
Input data was 242 
Output data was 237,           MATCH
Input data was 206 
Output data was 140,           MATCH
Input data was 232 
Input data was 197 
Output data was 249,           MATCH
Output data was 198,           MATCH
Input data was  92 
Output data was 197,           MATCH
Input data was 189 
Output data was 170,           MATCH
Input data was  45 
Output data was 229,           MATCH
Input data was 101 
Input data was  99 
Output data was 119,           MATCH
Output data was  18,           MATCH
Input data was  10 
Output data was 143,           MATCH
Input data was 128 
Output data was 242,           MATCH
Input data was  32 
Output data was 206,           MATCH
Input data was 170 
Input data was 157 
Output data was 232,           MATCH
Output data was 197,           MATCH
Input data was 150 
Output data was  92,           MATCH
Input data was  19 
Output data was 189,           MATCH
Input data was  13 
Output data was  45,           MATCH
Input data was  83 
Input data was 107 
Output data was 101,           MATCH
Output data was  99,           MATCH
Input data was 213 
Output data was  10,           MATCH
Input data was   2 
Output data was 128,           MATCH
Input data was 174 
Output data was  32,           MATCH
Input data was  29 
Input data was 207 
Output data was 170,           MATCH
Output data was 157,           MATCH
Input data was  35 
Output data was 150,           MATCH
Input data was  10 
Output data was  19,           MATCH
Input data was 202 
Output data was  13,           MATCH
Input data was  60 
Input data was 242 
Output data was  83,           MATCH
Output data was 107,           MATCH
Input data was 138 
Output data was 213,           MATCH
Input data was  65 
Output data was   2,           MATCH
Input data was 216 
Output data was 174,           MATCH
Input data was 120 
Input data was 137 
Output data was  29,           MATCH
Output data was 207,           MATCH
Input data was 235 
Output data was  35,           MATCH
Input data was 182 
Output data was  10,           MATCH
Input data was 198 
Output data was 202,           MATCH
Input data was 174 
Input data was 188 
Output data was  60,           MATCH
Output data was 242,           MATCH
Input data was  42 
Output data was 138,           MATCH
Input data was  11 
Output data was  65,           MATCH
Input data was 113 
Output data was 216,           MATCH
Input data was 133 
Input data was  79 
Output data was 120,           MATCH
Output data was 137,           MATCH
Input data was  59 
Output data was 235,           MATCH
Input data was  58 
Output data was 182,           MATCH
Input data was 126 
Output data was 198,           MATCH
Input data was  21 
Input data was 241 
Output data was 174,           MATCH
Output data was 188,           MATCH
Input data was 217 
Output data was  42,           MATCH
Input data was  98 
Output data was  11,           MATCH
Input data was  76 
Output data was 113,           MATCH
Input data was 159 
Input data was 143 
Output data was 133,           MATCH
Output data was  79,           MATCH
Input data was 248 
Output data was  59,           MATCH
Input data was 183 
Output data was  58,           MATCH
Input data was 159 
Output data was 126,           MATCH
Input data was  92 
Input data was  91 
Output data was  21,           MATCH
Output data was 241,           MATCH
Input data was 137 
Output data was 217,           MATCH
Input data was  73 
Output data was  98,           MATCH
Input data was 208 
Output data was  76,           MATCH
Input data was 215 
Input data was  81 
Output data was 159,           MATCH
Output data was 143,           MATCH
Input data was 150 
Output data was 248,           MATCH
Input data was  12 
Output data was 183,           MATCH
Input data was 194 
Output data was 159,           MATCH
Input data was 200 
Input data was 119 
Output data was  92,           MATCH
Output data was  91,           MATCH
Input data was  61 
Output data was 137,           MATCH
Input data was  18 
Output data was  73,           MATCH
Input data was 126 
Output data was 208,           MATCH
Input data was 109 
Input data was  57 
Output data was 215,           MATCH
Output data was  81,           MATCH
Input data was  31 
Output data was 150,           MATCH
Input data was 211 
Output data was  12,           MATCH
Input data was 133 
Output data was 194,           MATCH
Input data was 120 
Input data was  91 
Output data was 200,           MATCH
Output data was 119,           MATCH
Input data was  73 
Output data was  61,           MATCH
Input data was  63 
Output data was  18,           MATCH
Input data was  42 
Output data was 126,           MATCH
Input data was  88 
Input data was 134 
Output data was 109,           MATCH
Output data was  57,           MATCH
Input data was 142 
Output data was  31,           MATCH
Input data was 156 
Output data was 211,           MATCH
Input data was 250 
Output data was 133,           MATCH
Input data was  38 
Input data was 115 
Output data was 120,           MATCH
Output data was  91,           MATCH
Input data was 163 
Output data was  73,           MATCH
Input data was  47 
Output data was  63,           MATCH
Input data was 179 
Output data was  42,           MATCH
Input data was  95 
Input data was  68 
Output data was  88,           MATCH
Output data was 134,           MATCH
Input data was 247 
Output data was 142,           MATCH
Input data was 203 
Output data was 156,           MATCH
Input data was 230 
Output data was 250,           MATCH
Input data was  90 
Input data was  41 
Output data was  38,           MATCH
Output data was 115,           MATCH
Input data was 237 
Output data was 163,           MATCH
Input data was 218 
Output data was  47,           MATCH
Input data was 101 
Output data was 179,           MATCH
Input data was 181 
Input data was 223 
Output data was  95,           MATCH
Output data was  68,           MATCH
Input data was 121 
Output data was 247,           MATCH
Input data was  68 
Output data was 203,           MATCH
Input data was 208 
Output data was 230,           MATCH
Input data was  42 
Input data was 171 
Output data was  90,           MATCH
Output data was  41,           MATCH
Input data was  14 
Output data was 237,           MATCH
Input data was 220 
Output data was 218,           MATCH
Input data was 154 
Output data was 101,           MATCH
Input data was 253 
Input data was 195 
Output data was 181,           MATCH
Output data was 223,           MATCH
Input data was  86 
Output data was 121,           MATCH
Input data was  78 
Output data was  68,           MATCH
Input data was 103 
Output data was 208,           MATCH
Input data was  10 
Input data was 182 
Output data was  42,           MATCH
Output data was 171,           MATCH
Input data was  56 
Output data was  14,           MATCH
Input data was 121 
Output data was 220,           MATCH
Input data was 184 
Output data was 154,           MATCH
Input data was 148 
Input data was 147 
Output data was 253,           MATCH
Output data was 195,           MATCH
Input data was   4 
Output data was  86,           MATCH
Input data was  89 
Output data was  78,           MATCH
Input data was 219 
Output data was 103,           MATCH
Input data was  77 
Input data was 217 
Output data was  10,           MATCH
Output data was 182,           MATCH
Input data was 109 
Output data was  56,           MATCH
Input data was 118 
Output data was 121,           MATCH
Input data was 202 
Output data was 184,           MATCH
Input data was 182 
Input data was 149 
Output data was 148,           MATCH
Output data was 147,           MATCH
Input data was  70 
Output data was   4,           MATCH
Input data was   4 
Output data was  89,           MATCH
Input data was 247 
Output data was 219,           MATCH
Input data was 105 
Input data was 180 
Output data was  77,           MATCH
Output data was 217,           MATCH
Input data was 136 
Output data was 109,           MATCH
Input data was  40 
Output data was 118,           MATCH
Input data was  45 
Output data was 202,           MATCH
Input data was 199 
Input data was  46 
Output data was 182,           MATCH
Output data was 149,           MATCH
Input data was   8 
Output data was  70,           MATCH
Input data was  28 
Output data was   4,           MATCH
Input data was 253 
Output data was 247,           MATCH
Input data was  41 
Input data was  28 
Output data was 105,           MATCH
Output data was 180,           MATCH
Input data was 134 
Output data was 136,           MATCH
Input data was 218 
Output data was  40,           MATCH
Input data was  61 
Output data was  45,           MATCH
Input data was 102 
Input data was 112 
Output data was 199,           MATCH
Output data was  46,           MATCH
Input data was 115 
Output data was   8,           MATCH
Input data was 186 
Output data was  28,           MATCH
Input data was  94 
Output data was 253,           MATCH
Input data was 250 
Input data was 213 
Output data was  41,           MATCH
Output data was  28,           MATCH
Input data was  26 
Output data was 134,           MATCH
Input data was 185 
Output data was 218,           MATCH
Input data was  55 
Output data was  61,           MATCH
Input data was 150 
Input data was 192 
Output data was 102,           MATCH
Output data was 112,           MATCH
Input data was  38 
Output data was 115,           MATCH
Input data was 182 
Output data was 186,           MATCH
Input data was 125 
Output data was  94,           MATCH
Input data was 220 
Input data was 134 
Output data was 250,           MATCH
Output data was 213,           MATCH
Input data was 120 
Output data was  26,           MATCH
Input data was 126 
Output data was 185,           MATCH
Input data was 219 
Output data was  55,           MATCH
Input data was 207 
Input data was 121 
Output data was 150,           MATCH
Output data was 192,           MATCH
Input data was 250 
Output data was  38,           MATCH
Input data was  97 
Output data was 182,           MATCH
Input data was  23 
----- Setting write clock to 40.81 MHz -----
Output data was 125,           MATCH
Output data was 220,           MATCH
Input data was 161 
Output data was 134,           MATCH
Input data was 134 
Output data was 120,           MATCH
Output data was 126,           MATCH
Input data was  80 
Output data was 219,           MATCH
Output data was 207,           MATCH
Input data was 245 
Output data was 121,           MATCH
Input data was  53 
Output data was 250,           MATCH
Input data was  41 
Output data was  97,           MATCH
Input data was 193 
Output data was  23,           MATCH
Output data was 161,           MATCH
Input data was 197 
Output data was 134,           MATCH
Input data was 152 
Output data was  80,           MATCH
Input data was  75 
Output data was 245,           MATCH
Input data was 115 
Output data was  53,           MATCH
Input data was 236 
Output data was  41,           MATCH
Output data was 193,           MATCH
Input data was 138 
Output data was 197,           MATCH
Input data was  78 
Output data was 152,           MATCH
Input data was 168 
Output data was  75,           MATCH
Input data was 169 
Output data was 115,           MATCH
Output data was 236,           MATCH
Input data was 161 
Output data was 138,           MATCH
Input data was  14 
Output data was  78,           MATCH
Input data was 230 
Output data was 168,           MATCH
Input data was 159 
Input data was  42 
Output data was 169,           MATCH
Output data was 161,           MATCH
Input data was  42 
Output data was  14,           MATCH
Input data was 141 
Output data was 230,           MATCH
Input data was 158 
Output data was 159,           MATCH
Input data was  56 
Output data was  42,           MATCH
Input data was 121 
Output data was  42,           MATCH
Input data was 200 
Output data was 141,           MATCH
Input data was 202 
Output data was 158,           MATCH
Input data was  19 
Input data was 107 
Output data was  56,           MATCH
Output data was 121,           MATCH
Input data was 199 
Output data was 200,           MATCH
Input data was 182 
Output data was 202,           MATCH
Input data was 186 
Output data was  19,           MATCH
Input data was 196 
Output data was 107,           MATCH
Input data was 185 
Output data was 199,           MATCH
Input data was 146 
Output data was 182,           MATCH
Input data was 180 
Output data was 186,           MATCH
Input data was 127 
Input data was 134 
Output data was 196,           MATCH
Output data was 185,           MATCH
Input data was 250 
Output data was 146,           MATCH
Input data was 242 
Output data was 180,           MATCH
Input data was  50 
Output data was 127,           MATCH
Input data was 189 
Output data was 134,           MATCH
Input data was 132 
Output data was 250,           MATCH
Input data was 228 
Output data was 242,           MATCH
Input data was 202 
Output data was  50,           MATCH
Input data was 169 
Output data was 189,           MATCH
Input data was 161 
Output data was 132,           MATCH
Input data was 142 
Output data was 228,           MATCH
Input data was 251 
Output data was 202,           MATCH
Input data was  11 
Input data was 239 
Output data was 169,           MATCH
Output data was 161,           MATCH
Input data was 201 
Output data was 142,           MATCH
Input data was  54 
Output data was 251,           MATCH
Input data was 117 
Output data was  11,           MATCH
Input data was 143 
Output data was 239,           MATCH
Input data was 107 
Output data was 201,           MATCH
Input data was 136 
Output data was  54,           MATCH
Input data was 174 
Output data was 117,           MATCH
Input data was 155 
Input data was 146 
Output data was 143,           MATCH
Output data was 107,           MATCH
Input data was  40 
Output data was 136,           MATCH
Input data was  45 
Output data was 174,           MATCH
Input data was  75 
Output data was 155,           MATCH
Input data was 194 
Output data was 146,           MATCH
Input data was  30 
Output data was  40,           MATCH
Input data was  13 
Output data was  45,           MATCH
Input data was 236 
Output data was  75,           MATCH
Input data was  24 
Input data was 209 
Output data was 194,           MATCH
Output data was  30,           MATCH
Input data was 134 
Output data was  13,           MATCH
Input data was  65 
Output data was 236,           MATCH
Input data was  59 
Output data was  24,           MATCH
Input data was 216 
Output data was 209,           MATCH
Input data was  83 
Output data was 134,           MATCH
Input data was  86 
Output data was  65,           MATCH
Input data was  91 
Output data was  59,           MATCH
Input data was 226 
Input data was   4 
Output data was 216,           MATCH
Output data was  83,           MATCH
Input data was 115 
Output data was  86,           MATCH
Input data was 216 
Output data was  91,           MATCH
Input data was  18 
Output data was 226,           MATCH
Input data was 184 
Output data was   4,           MATCH
Input data was  57 
Output data was 115,           MATCH
Input data was 229 
Output data was 216,           MATCH
Input data was 161 
Output data was  18,           MATCH
Input data was  43 
Output data was 184,           MATCH
Input data was 129 
Output data was  57,           MATCH
Input data was 200 
Output data was 229,           MATCH
Input data was  39 
Output data was 161,           MATCH
Input data was 161 
Input data was  31 
Output data was  43,           MATCH
Output data was 129,           MATCH
Input data was   4 
Output data was 200,           MATCH
Input data was  88 
Output data was  39,           MATCH
Input data was 150 
Output data was 161,           MATCH
Input data was  20 
Output data was  31,           MATCH
Input data was  18 
Output data was   4,           MATCH
Input data was 150 
Output data was  88,           MATCH
Input data was 177 
Output data was 150,           MATCH
Input data was  85 
Input data was 237 
Output data was  20,           MATCH
Output data was  18,           MATCH
Input data was  43 
Output data was 150,           MATCH
Input data was 245 
Output data was 177,           MATCH
Input data was 173 
Output data was  85,           MATCH
Input data was  39 
Output data was 237,           MATCH
Input data was 132 
Output data was  43,           MATCH
Input data was 167 
Output data was 245,           MATCH
Input data was 231 
Output data was 173,           MATCH
Input data was 185 
Input data was  73 
Output data was  39,           MATCH
Output data was 132,           MATCH
Input data was 219 
Output data was 167,           MATCH
Input data was 201 
Output data was 231,           MATCH
Input data was  81 
Output data was 185,           MATCH
Input data was 161 
Output data was  73,           MATCH
Input data was  42 
Output data was 219,           MATCH
Input data was 250 
Output data was 201,           MATCH
Input data was  69 
Output data was  81,           MATCH
Input data was 131 
Input data was 124 
Output data was 161,           MATCH
Output data was  42,           MATCH
Input data was 114 
Output data was 250,           MATCH
Input data was 254 
Output data was  69,           MATCH
Input data was 104 
Output data was 131,           MATCH
Input data was 111 
Output data was 124,           MATCH
Input data was 134 
Output data was 114,           MATCH
Input data was 240 
Output data was 254,           MATCH
Input data was  56 
Output data was 104,           MATCH
Input data was  64 
Output data was 111,           MATCH
Input data was  40 
Output data was 134,           MATCH
Input data was 246 
Output data was 240,           MATCH
Input data was 197 
Output data was  56,           MATCH
Input data was 192 
Input data was 116 
Output data was  64,           MATCH
Output data was  40,           MATCH
Input data was  57 
Output data was 246,           MATCH
Input data was 176 
Output data was 197,           MATCH
Input data was  60 
Output data was 192,           MATCH
Input data was  42 
Output data was 116,           MATCH
Input data was  98 
Output data was  57,           MATCH
Input data was  21 
Output data was 176,           MATCH
Input data was 225 
Output data was  60,           MATCH
Input data was  23 
Input data was  67 
Output data was  42,           MATCH
Output data was  98,           MATCH
Input data was 201 
Output data was  21,           MATCH
Input data was 134 
Output data was 225,           MATCH
Input data was  37 
Output data was  23,           MATCH
Input data was 193 
Output data was  67,           MATCH
Input data was 141 
Output data was 201,           MATCH
Input data was  90 
Output data was 134,           MATCH
Input data was   7 
Output data was  37,           MATCH
Input data was  44 
Input data was  12 
Output data was 193,           MATCH
Output data was 141,           MATCH
Input data was 113 
Output data was  90,           MATCH
Input data was  59 
Output data was   7,           MATCH
Input data was 182 
Output data was  44,           MATCH
Input data was 247 
Output data was  12,           MATCH
Input data was 158 
Output data was 113,           MATCH
Input data was  92 
Output data was  59,           MATCH
Input data was  85 
Output data was 182,           MATCH
Input data was  32 
Input data was 160 
Output data was 247,           MATCH
Output data was 158,           MATCH
Input data was 114 
Output data was  92,           MATCH
Input data was 180 
Output data was  85,           MATCH
Input data was 221 
Output data was  32,           MATCH
Input data was  13 
Output data was 160,           MATCH
Input data was  75 
Output data was 114,           MATCH
Input data was 121 
Output data was 180,           MATCH
Input data was 158 
Output data was 221,           MATCH
Input data was 253 
Output data was  13,           MATCH
Input data was 123 
Output data was  75,           MATCH
Input data was 143 
Output data was 121,           MATCH
Input data was   3 
Output data was 158,           MATCH
Input data was 227 
Input data was  29 
Output data was 253,           MATCH
Output data was 123,           MATCH
Input data was 177 
Output data was 143,           MATCH
Input data was  68 
Output data was   3,           MATCH
Input data was 149 
Output data was 227,           MATCH
Input data was 224 
Output data was  29,           MATCH
Input data was 237 
Output data was 177,           MATCH
Input data was  82 
Output data was  68,           MATCH
Input data was 248 
Output data was 149,           MATCH
Input data was 141 
Input data was  82 
Output data was 224,           MATCH
Output data was 237,           MATCH
Input data was 132 
Output data was  82,           MATCH
Input data was  70 
Output data was 248,           MATCH
Input data was 140 
Output data was 141,           MATCH
Input data was 144 
Output data was  82,           MATCH
Input data was  23 
Output data was 132,           MATCH
Input data was 106 
Output data was  70,           MATCH
Input data was 132 
Output data was 140,           MATCH
Input data was 170 
Input data was 124 
Output data was 144,           MATCH
Output data was  23,           MATCH
Input data was  96 
Output data was 106,           MATCH
Input data was 186 
Output data was 132,           MATCH
Input data was 139 
Output data was 170,           MATCH
Input data was 166 
Output data was 124,           MATCH
Input data was  37 
Output data was  96,           MATCH
Input data was  50 
Output data was 186,           MATCH
Input data was 162 
Output data was 139,           MATCH
Input data was  73 
Input data was  20 
Output data was 166,           MATCH
Output data was  37,           MATCH
Input data was  61 
----- Setting write clock to 199.92 MHz -----
Input data was  75 
Output data was  50,           MATCH
Input data was  92 
Input data was  71 
Input data was 134 
Input data was  57 
Output data was 162,           MATCH
Input data was 180 
Input data was 208 
Input data was  44 
Input data was 140 
Output data was  73,           MATCH
Input data was   7 
Input data was 106 
Output data was  20,           MATCH
Input data was  17 
Output data was  61,           MATCH
Input data was 232 
Output data was  75,           MATCH
Input data was  75 
Output data was  92,           MATCH
Input data was 115 
Output data was  71,           MATCH
Input data was 236 
Output data was 134,           MATCH
Input data was  35 
Output data was  57,           MATCH
Input data was 164 
Output data was 180,           MATCH
Input data was 201 
Output data was 208,           MATCH
Input data was  57 
Output data was  44,           MATCH
Input data was 223 
Output data was 140,           MATCH
Input data was 212 
Output data was   7,           MATCH
Input data was 103 
Output data was 106,           MATCH
Input data was 157 
Output data was  17,           MATCH
Input data was 176 
Output data was 232,           MATCH
Input data was 130 
Output data was  75,           MATCH
Input data was  73 
Output data was 115,           MATCH
Input data was 217 
Output data was 236,           MATCH
Input data was  32 
Output data was  35,           MATCH
Input data was  28 
Output data was 164,           MATCH
Input data was 147 
Output data was 201,           MATCH
Input data was 227 
Output data was  57,           MATCH
Input data was  42 
Output data was 223,           MATCH
Input data was 200 
Output data was 212,           MATCH
Input data was  93 
Output data was 103,           MATCH
Input data was  58 
Output data was 157,           MATCH
Input data was 132 
Output data was 176,           MATCH
Input data was  43 
Output data was 130,           MATCH
Input data was  57 
Output data was  73,           MATCH
Input data was  18 
Output data was 217,           MATCH
Input data was  82 
Output data was  32,           MATCH
Input data was  89 
Output data was  28,           MATCH
Input data was 208 
Output data was 147,           MATCH
Input data was 110 
Output data was 227,           MATCH
Input data was 151 
Output data was  42,           MATCH
Input data was 219 
Output data was 200,           MATCH
Input data was 166 
Output data was  93,           MATCH
Input data was 187 
Output data was  58,           MATCH
Input data was   0 
Output data was 132,           MATCH
Input data was  15 
Output data was  43,           MATCH
Input data was 105 
Output data was  57,           MATCH
Input data was  12 
Output data was  18,           MATCH
Input data was  89 
Output data was  82,           MATCH
Input data was 197 
Output data was  89,           MATCH
Input data was 207 
Output data was 208,           MATCH
Input data was 144 
Output data was 110,           MATCH
Input data was  81 
Output data was 151,           MATCH
Input data was 105 
Output data was 219,           MATCH
Input data was 119 
Output data was 166,           MATCH
Input data was  74 
Output data was 187,           MATCH
Input data was 216 
Output data was   0,           MATCH
Input data was 155 
Output data was  15,           MATCH
Input data was 196 
Output data was 105,           MATCH
Input data was 184 
Output data was  12,           MATCH
Input data was 183 
Output data was  89,           MATCH
Input data was 134 
Output data was 197,           MATCH
Input data was  48 
Output data was 207,           MATCH
Input data was 119 
Output data was 144,           MATCH
Input data was 181 
Output data was  81,           MATCH
Input data was 212 
Output data was 105,           MATCH
Input data was   7 
Output data was 119,           MATCH
Input data was 118 
Output data was  74,           MATCH
Input data was 233 
Output data was 216,           MATCH
Input data was 139 
Output data was 155,           MATCH
Input data was   1 
Output data was 196,           MATCH
Input data was 219 
Output data was 184,           MATCH
Input data was 128 
Output data was 183,           MATCH
Input data was 194 
Output data was 134,           MATCH
Input data was 197 
Output data was  48,           MATCH
Input data was  48 
Output data was 119,           MATCH
Input data was 175 
Output data was 181,           MATCH
Input data was 102 
Output data was 212,           MATCH
Input data was 175 
Output data was   7,           MATCH
Input data was 233 
Output data was 118,           MATCH
Input data was 248 
Output data was 233,           MATCH
Input data was   6 
Output data was 139,           MATCH
Input data was 239 
Output data was   1,           MATCH
Input data was 225 
Output data was 219,           MATCH
Input data was 149 
Output data was 128,           MATCH
Input data was 238 
Output data was 194,           MATCH
Input data was  96 
Output data was 197,           MATCH
Input data was 229 
Output data was  48,           MATCH
Input data was  40 
Output data was 175,           MATCH
Input data was 100 
Output data was 102,           MATCH
Input data was  41 
Output data was 175,           MATCH
Input data was 225 
Output data was 233,           MATCH
Input data was 119 
Output data was 248,           MATCH
Input data was 110 
Output data was   6,           MATCH
Input data was 129 
Output data was 239,           MATCH
Input data was 213 
Output data was 225,           MATCH
Input data was 104 
Output data was 149,           MATCH
Input data was 240 
Output data was 238,           MATCH
Input data was 170 
Output data was  96,           MATCH
Input data was  15 
Output data was 229,           MATCH
Input data was 241 
Output data was  40,           MATCH
Input data was 125 
Output data was 100,           MATCH
Input data was 142 
Output data was  41,           MATCH
Input data was 226 
Output data was 225,           MATCH
Input data was  60 
Output data was 119,           MATCH
Input data was 169 
Output data was 110,           MATCH
Input data was 239 
Output data was 129,           MATCH
Input data was  91 
Output data was 213,           MATCH
Input data was 175 
Output data was 104,           MATCH
Input data was  74 
Output data was 240,           MATCH
Input data was 185 
Output data was 170,           MATCH
Input data was  19 
Output data was  15,           MATCH
Input data was  19 
Output data was 241,           MATCH
Input data was 101 
Output data was 125,           MATCH
Input data was  81 
Output data was 142,           MATCH
Input data was 183 
Output data was 226,           MATCH
Input data was 153 
Output data was  60,           MATCH
Input data was  58 
Output data was 169,           MATCH
Input data was 113 
Output data was 239,           MATCH
Input data was  98 
Output data was  91,           MATCH
Input data was 228 
Output data was 175,           MATCH
Input data was  42 
Output data was  74,           MATCH
Input data was 125 
Output data was 185,           MATCH
Input data was  89 
Output data was  19,           MATCH
Input data was 229 
Output data was  19,           MATCH
Input data was 237 
Output data was 101,           MATCH
Input data was 201 
Output data was  81,           MATCH
Output data was 183,           MATCH
Input data was  65 
Input data was 175 
Output data was 153,           MATCH
Input data was 219 
Output data was  58,           MATCH
Input data was 205 
Output data was 113,           MATCH
Input data was 112 
Output data was  98,           MATCH
Input data was   6 
Output data was 228,           MATCH
Input data was 162 
Output data was  42,           MATCH
Input data was 189 
Output data was 125,           MATCH
Input data was 106 
Output data was  89,           MATCH
Input data was 220 
Output data was 229,           MATCH
Input data was  80 
Output data was 237,           MATCH
Input data was 123 
Output data was 201,           MATCH
Input data was  37 
Output data was  65,           MATCH
Input data was 120 
Output data was 175,           MATCH
Input data was 246 
Output data was 219,           MATCH
Input data was  92 
Output data was 205,           MATCH
Input data was  35 
Output data was 112,           MATCH
Input data was 121 
Output data was   6,           MATCH
Input data was 200 
Output data was 162,           MATCH
Input data was 187 
Output data was 189,           MATCH
Input data was  14 
Output data was 106,           MATCH
Input data was 115 
Output data was 220,           MATCH
Input data was  12 
Output data was  80,           MATCH
Input data was 206 
Output data was 123,           MATCH
Input data was 212 
Output data was  37,           MATCH
Input data was  89 
Output data was 120,           MATCH
Input data was 185 
Output data was 246,           MATCH
Input data was 179 
Output data was  92,           MATCH
Input data was 244 
Output data was  35,           MATCH
Input data was 117 
Output data was 121,           MATCH
Input data was  12 
Output data was 200,           MATCH
Input data was  57 
Output data was 187,           MATCH
Input data was   2 
Output data was  14,           MATCH
Input data was  21 
Output data was 115,           MATCH
Input data was   5 
Output data was  12,           MATCH
Input data was  78 
Output data was 206,           MATCH
Input data was   2 
Output data was 212,           MATCH
Input data was 184 
Output data was  89,           MATCH
Input data was   8 
Output data was 185,           MATCH
Input data was 141 
Output data was 179,           MATCH
Input data was 175 
Output data was 244,           MATCH
Input data was 232 
Output data was 117,           MATCH
Input data was 144 
Output data was  12,           MATCH
Input data was 245 
Output data was  57,           MATCH
Input data was  76 
Output data was   2,           MATCH
Input data was 123 
Output data was  21,           MATCH
Input data was  64 
Output data was   5,           MATCH
Input data was  37 
Output data was  78,           MATCH
Input data was  13 
Output data was   2,           MATCH
Input data was 112 
Output data was 184,           MATCH
Input data was  45 
Output data was   8,           MATCH
Input data was  41 
Output data was 141,           MATCH
Input data was 188 
Output data was 175,           MATCH
Input data was  48 
Output data was 232,           MATCH
Input data was 192 
Output data was 144,           MATCH
Input data was  80 
Output data was 245,           MATCH
Input data was 161 
Output data was  76,           MATCH
Input data was  77 
Output data was 123,           MATCH
Input data was 245 
Output data was  64,           MATCH
Input data was 245 
Output data was  37,           MATCH
Input data was  93 
Output data was  13,           MATCH
Input data was 148 
Output data was 112,           MATCH
Input data was 106 
Output data was  45,           MATCH
Input data was 188 
Output data was  41,           MATCH
Input data was 184 
Output data was 188,           MATCH
Input data was 158 
Output data was  48,           MATCH
Input data was 250 
Output data was 192,           MATCH
Input data was  70 
Output data was  80,           MATCH
Input data was   7 
----- Setting write clock to 250 MHz -----
Output data was 161,           MATCH
Input data was 147 
Output data was  77,           MATCH
Input data was  85 
Output data was 245,           MATCH
Input data was 183 
Output data was 245,           MATCH
Input data was  69 
Output data was  93,           MATCH
Input data was  99 
Output data was 148,           MATCH
Input data was  89 
Output data was 106,           MATCH
Input data was  38 
Output data was 188,           MATCH
Input data was 104 
Output data was 184,           MATCH
Input data was  30 
Output data was 158,           MATCH
Input data was 144 
Output data was 250,           MATCH
Input data was  90 
Output data was  70,           MATCH
Input data was  28 
Output data was   7,           MATCH
Input data was 185 
Output data was 147,           MATCH
Input data was 171 
Output data was  85,           MATCH
Input data was 208 
Output data was 183,           MATCH
Input data was 111 
Output data was  69,           MATCH
Input data was 216 
Output data was  99,           MATCH
Input data was  69 
Output data was  89,           MATCH
Input data was 141 
Output data was  38,           MATCH
Input data was 139 
Output data was 104,           MATCH
Input data was 252 
Output data was  30,           MATCH
Input data was 220 
Output data was 144,           MATCH
Input data was 164 
Output data was  90,           MATCH
Input data was  25 
Output data was  28,           MATCH
Input data was 165 
Output data was 185,           MATCH
Input data was  62 
Output data was 171,           MATCH
Input data was 243 
Output data was 208,           MATCH
Input data was  88 
Output data was 111,           MATCH
Input data was 196 
Output data was 216,           MATCH
Input data was  92 
Output data was  69,           MATCH
Input data was   6 
Output data was 141,           MATCH
Input data was 154 
Output data was 139,           MATCH
Input data was  24 
Output data was 252,           MATCH
Input data was 197 
Output data was 220,           MATCH
Input data was 170 
Output data was 164,           MATCH
Input data was  26 
Output data was  25,           MATCH
Input data was 195 
Output data was 165,           MATCH
Input data was 178 
Output data was  62,           MATCH
Input data was  12 
Output data was 243,           MATCH
Input data was 233 
Output data was  88,           MATCH
Input data was 195 
Output data was 196,           MATCH
Input data was 235 
Output data was  92,           MATCH
Input data was 248 
Output data was   6,           MATCH
Input data was 242 
Output data was 154,           MATCH
Input data was 137 
Output data was  24,           MATCH
Input data was 111 
Output data was 197,           MATCH
Input data was  27 
Output data was 170,           MATCH
Input data was 173 
Output data was  26,           MATCH
Input data was 104 
Output data was 195,           MATCH
Input data was  37 
Output data was 178,           MATCH
Input data was 207 
Output data was  12,           MATCH
Input data was 171 
Output data was 233,           MATCH
Input data was  27 
Output data was 195,           MATCH
Input data was 128 
Output data was 235,           MATCH
Input data was  93 
Output data was 248,           MATCH
Input data was 130 
Output data was 242,           MATCH
Input data was   4 
Output data was 137,           MATCH
Input data was  87 
Output data was 111,           MATCH
Input data was  54 
Output data was  27,           MATCH
Input data was  50 
Output data was 173,           MATCH
Input data was 121 
Output data was 104,           MATCH
Input data was 228 
Output data was  37,           MATCH
Input data was  22 
Output data was 207,           MATCH
Input data was 170 
Output data was 171,           MATCH
Input data was 192 
Output data was  27,           MATCH
Input data was  46 
Output data was 128,           MATCH
Input data was 140 
Output data was  93,           MATCH
Input data was 113 
Output data was 130,           MATCH
Input data was 251 
Output data was   4,           MATCH
Input data was 188 
Output data was  87,           MATCH
Input data was 220 
Output data was  54,           MATCH
Input data was  23 
Output data was  50,           MATCH
Input data was 193 
Output data was 121,           MATCH
Input data was 235 
Output data was 228,           MATCH
Input data was 181 
Output data was  22,           MATCH
Input data was 137 
Output data was 170,           MATCH
Input data was 143 
Output data was 192,           MATCH
Input data was 191 
Output data was  46,           MATCH
Input data was 176 
Output data was 140,           MATCH
Input data was 211 
Output data was 113,           MATCH
Input data was 214 
Output data was 251,           MATCH
Input data was 130 
Output data was 188,           MATCH
Input data was  26 
Output data was 220,           MATCH
Input data was 113 
Output data was  23,           MATCH
Input data was 215 
Output data was 193,           MATCH
Input data was  14 
Output data was 235,           MATCH
Input data was 241 
Output data was 181,           MATCH
Input data was 205 
Output data was 137,           MATCH
Input data was   5 
Output data was 143,           MATCH
Input data was  28 
Output data was 191,           MATCH
Input data was 152 
Output data was 176,           MATCH
Input data was 236 
Output data was 211,           MATCH
Input data was  42 
Output data was 214,           MATCH
Input data was 101 
Output data was 130,           MATCH
Input data was  55 
Output data was  26,           MATCH
Input data was   3 
Output data was 113,           MATCH
Input data was 254 
Output data was 215,           MATCH
Input data was 253 
Output data was  14,           MATCH
Input data was  62 
Output data was 241,           MATCH
Input data was 232 
Output data was 205,           MATCH
Input data was 116 
Output data was   5,           MATCH
Input data was 176 
Output data was  28,           MATCH
Input data was   6 
Output data was 152,           MATCH
Input data was  18 
Output data was 236,           MATCH
Input data was 104 
Output data was  42,           MATCH
Input data was 197 
Output data was 101,           MATCH
Input data was 254 
Output data was  55,           MATCH
Input data was  54 
Output data was   3,           MATCH
Input data was 243 
Output data was 254,           MATCH
Input data was 251 
Output data was 253,           MATCH
Input data was 107 
Output data was  62,           MATCH
Input data was  23 
Output data was 232,           MATCH
Input data was  15 
Output data was 116,           MATCH
Input data was  20 
Output data was 176,           MATCH
Input data was  42 
Output data was   6,           MATCH
Input data was 166 
Output data was  18,           MATCH
Input data was 212 
Output data was 104,           MATCH
Input data was 203 
Output data was 197,           MATCH
Input data was 107 
Output data was 254,           MATCH
Input data was   4 
Output data was  54,           MATCH
Input data was 244 
Output data was 243,           MATCH
Input data was 141 
Output data was 251,           MATCH
Input data was 225 
Output data was 107,           MATCH
Input data was 133 
Output data was  23,           MATCH
Input data was 185 
Output data was  15,           MATCH
Input data was 201 
Output data was  20,           MATCH
Input data was  96 
Output data was  42,           MATCH
Input data was  70 
Output data was 166,           MATCH
Input data was  60 
Output data was 212,           MATCH
Input data was  55 
Output data was 203,           MATCH
Input data was  88 
Output data was 107,           MATCH
Input data was 115 
Output data was   4,           MATCH
Input data was  14 
Output data was 244,           MATCH
Input data was 220 
Output data was 141,           MATCH
Input data was  48 
Output data was 225,           MATCH
Input data was 208 
Output data was 133,           MATCH
Input data was   0 
Output data was 185,           MATCH
Input data was  67 
Output data was 201,           MATCH
Input data was 248 
Output data was  96,           MATCH
Input data was 161 
Output data was  70,           MATCH
Input data was  83 
Output data was  60,           MATCH
Input data was 152 
Output data was  55,           MATCH
Input data was  95 
Output data was  88,           MATCH
Input data was 135 
Output data was 115,           MATCH
Input data was 250 
Output data was  14,           MATCH
Input data was  45 
Output data was 220,           MATCH
Input data was 112 
Output data was  48,           MATCH
Input data was 107 
Output data was 208,           MATCH
Input data was  49 
Output data was   0,           MATCH
Input data was  18 
Output data was  67,           MATCH
Input data was  12 
Output data was 248,           MATCH
Input data was  13 
Output data was 161,           MATCH
Input data was  21 
Output data was  83,           MATCH
Input data was  64 
Output data was 152,           MATCH
Input data was 148 
Output data was  95,           MATCH
Input data was  84 
Output data was 135,           MATCH
Input data was 128 
Output data was 250,           MATCH
Input data was  19 
Output data was  45,           MATCH
Input data was 195 
Output data was 112,           MATCH
Input data was 237 
Output data was 107,           MATCH
Input data was 220 
Output data was  49,           MATCH
Input data was 120 
Output data was  18,           MATCH
Input data was  39 
Output data was  12,           MATCH
Input data was  95 
Output data was  13,           MATCH
Input data was  35 
Output data was  21,           MATCH
Input data was 171 
Output data was  64,           MATCH
Input data was  56 
Output data was 148,           MATCH
Input data was  34 
Output data was  84,           MATCH
Input data was 201 
Output data was 128,           MATCH
Input data was 199 
Output data was  19,           MATCH
Input data was 130 
Output data was 195,           MATCH
Input data was 206 
Output data was 237,           MATCH
Input data was 199 
Output data was 220,           MATCH
Input data was  36 
Output data was 120,           MATCH
Input data was 219 
Output data was  39,           MATCH
Input data was   8 
Output data was  95,           MATCH
Input data was 117 
Output data was  35,           MATCH
Input data was 181 
Output data was 171,           MATCH
Input data was  26 
Output data was  56,           MATCH
Input data was  56 
Output data was  34,           MATCH
Input data was 130 
Output data was 201,           MATCH
Input data was  88 
Output data was 199,           MATCH
Input data was  80 
Output data was 130,           MATCH
Input data was 163 
Output data was 206,           MATCH
Input data was 164 
Output data was 199,           MATCH
Input data was 101 
Output data was  36,           MATCH
Input data was 234 
Output data was 219,           MATCH
Input data was   6 
Output data was   8,           MATCH
Input data was  84 
Output data was 117,           MATCH
Input data was  91 
Output data was 181,           MATCH
Input data was 200 
Output data was  26,           MATCH
Input data was  72 
Output data was  56,           MATCH
Input data was  55 
Output data was 130,           MATCH
Input data was 248 
Output data was  88,           MATCH
Input data was 181 
Output data was  80,           MATCH
Input data was  81 
Output data was 163,           MATCH
Input data was 131 
Output data was 164,           MATCH
Input data was 155 
Output data was 101,           MATCH
Input data was  53 
Output data was 234,           MATCH
Input data was 176 
----- Setting write clock to 50 MHz -----
Output data was   6,           MATCH
Output data was  84,           MATCH
Output data was  91,           MATCH
Output data was 200,           MATCH
Input data was 251 
Output data was  72,           MATCH
Input data was  79 
Output data was  55,           MATCH
Input data was  48 
Output data was 248,           MATCH
Input data was  24 
Output data was 181,           MATCH
Input data was 221 
Output data was  81,           MATCH
Input data was  70 
Output data was 131,           MATCH
Input data was  97 
Output data was 155,           MATCH
Input data was  89 
Output data was  53,           MATCH
Input data was  85 
Output data was 176,           MATCH
Input data was  47 
Output data was 251,           MATCH
Input data was  11 
Output data was  79,           MATCH
Input data was 222 
Output data was  48,           MATCH
Input data was 211 
Output data was  24,           MATCH
Input data was  40 
Output data was 221,           MATCH
Input data was 233 
Output data was  70,           MATCH
Input data was  88 
Output data was  97,           MATCH
Input data was 213 
Output data was  89,           MATCH
Input data was 195 
Output data was  85,           MATCH
Input data was 212 
Output data was  47,           MATCH
Input data was 164 
Output data was  11,           MATCH
Input data was 126 
Output data was 222,           MATCH
Input data was 214 
Output data was 211,           MATCH
Input data was  15 
Output data was  40,           MATCH
Input data was 131 
Output data was 233,           MATCH
Input data was 160 
Output data was  88,           MATCH
Input data was 130 
Output data was 213,           MATCH
Input data was 191 
Output data was 195,           MATCH
Input data was  69 
Output data was 212,           MATCH
Input data was 119 
Output data was 164,           MATCH
Input data was  69 
Output data was 126,           MATCH
Input data was 117 
Output data was 214,           MATCH
Input data was 248 
Output data was  15,           MATCH
Input data was 198 
Output data was 131,           MATCH
Input data was 108 
Output data was 160,           MATCH
Input data was  80 
Output data was 130,           MATCH
Input data was  49 
Output data was 191,           MATCH
Input data was 156 
Output data was  69,           MATCH
Input data was 188 
Output data was 119,           MATCH
Input data was 175 
Output data was  69,           MATCH
Input data was  14 
Output data was 117,           MATCH
Input data was 105 
Output data was 248,           MATCH
Input data was 178 
Output data was 198,           MATCH
Input data was 222 
Output data was 108,           MATCH
Input data was 133 
Output data was  80,           MATCH
Input data was 170 
Output data was  49,           MATCH
Input data was  40 
Output data was 156,           MATCH
Input data was 194 
Output data was 188,           MATCH
Input data was 154 
Output data was 175,           MATCH
Input data was 211 
Output data was  14,           MATCH
Input data was 186 
Output data was 105,           MATCH
Input data was 251 
Output data was 178,           MATCH
Input data was 139 
Output data was 222,           MATCH
Input data was 194 
Output data was 133,           MATCH
Input data was 204 
Output data was 170,           MATCH
Input data was 113 
Output data was  40,           MATCH
Input data was 158 
Output data was 194,           MATCH
Input data was  97 
Output data was 154,           MATCH
Input data was 123 
Output data was 211,           MATCH
Input data was 191 
Output data was 186,           MATCH
Input data was 145 
Output data was 251,           MATCH
Input data was 192 
Output data was 139,           MATCH
Input data was  89 
Output data was 194,           MATCH
Input data was 126 
Output data was 204,           MATCH
Input data was  84 
Output data was 113,           MATCH
Input data was  81 
Output data was 158,           MATCH
Input data was  73 
Output data was  97,           MATCH
Input data was 231 
Output data was 123,           MATCH
Input data was  36 
Output data was 191,           MATCH
Input data was 131 
Output data was 145,           MATCH
Input data was  91 
Output data was 192,           MATCH
Input data was 185 
Output data was  89,           MATCH
Input data was 149 
Output data was 126,           MATCH
Input data was 119 
Output data was  84,           MATCH
Input data was 241 
Output data was  81,           MATCH
Input data was 230 
Output data was  73,           MATCH
Input data was 175 
Output data was 231,           MATCH
Input data was   4 
Output data was  36,           MATCH
Input data was  18 
Output data was 131,           MATCH
Input data was 252 
Output data was  91,           MATCH
Input data was 171 
Output data was 185,           MATCH
Input data was 196 
Output data was 149,           MATCH
Input data was  63 
Output data was 119,           MATCH
Input data was 194 
Output data was 241,           MATCH
Input data was 115 
Output data was 230,           MATCH
Input data was  90 
Output data was 175,           MATCH
Input data was 160 
Output data was   4,           MATCH
Input data was 254 
Output data was  18,           MATCH
Input data was 116 
Output data was 252,           MATCH
Input data was 187 
Output data was 171,           MATCH
Input data was 226 
Output data was 196,           MATCH
Input data was 226 
Output data was  63,           MATCH
Input data was 223 
Output data was 194,           MATCH
Input data was 152 
Output data was 115,           MATCH
Input data was 159 
Output data was  90,           MATCH
Input data was  16 
Output data was 160,           MATCH
Input data was 242 
Output data was 254,           MATCH
Input data was 189 
Output data was 116,           MATCH
Input data was 171 
Output data was 187,           MATCH
Input data was 180 
Output data was 226,           MATCH
Input data was  84 
Output data was 226,           MATCH
Input data was 137 
Output data was 223,           MATCH
Input data was  19 
Output data was 152,           MATCH
Input data was 172 
Output data was 159,           MATCH
Input data was  53 
Output data was  16,           MATCH
Input data was  59 
Output data was 242,           MATCH
Input data was  53 
Output data was 189,           MATCH
Input data was  47 
Output data was 171,           MATCH
Input data was  52 
Output data was 180,           MATCH
Input data was  85 
Output data was  84,           MATCH
Input data was 188 
Output data was 137,           MATCH
Input data was 242 
Output data was  19,           MATCH
Input data was 167 
Output data was 172,           MATCH
Input data was 193 
Output data was  53,           MATCH
Input data was 228 
Output data was  59,           MATCH
Input data was  65 
Output data was  53,           MATCH
Input data was 105 
Output data was  47,           MATCH
Input data was 250 
Output data was  52,           MATCH
Input data was 205 
Output data was  85,           MATCH
Input data was 255 
Output data was 188,           MATCH
Input data was 181 
Output data was 242,           MATCH
Input data was 232 
Output data was 167,           MATCH
Input data was  75 
Output data was 193,           MATCH
Input data was  18 
Output data was 228,           MATCH
Input data was  55 
Output data was  65,           MATCH
Input data was 174 
Output data was 105,           MATCH
Input data was 248 
Output data was 250,           MATCH
Input data was  32 
Output data was 205,           MATCH
Input data was 218 
Output data was 255,           MATCH
Input data was  34 
Output data was 181,           MATCH
Input data was 236 
Output data was 232,           MATCH
Input data was  42 
Output data was  75,           MATCH
Input data was 122 
Output data was  18,           MATCH
Input data was  30 
Output data was  55,           MATCH
Input data was 233 
Output data was 174,           MATCH
Input data was 235 
Output data was 248,           MATCH
Input data was  11 
Output data was  32,           MATCH
Input data was 110 
Output data was 218,           MATCH
Input data was  94 
Output data was  34,           MATCH
Input data was 124 
Output data was 236,           MATCH
Input data was  69 
Output data was  42,           MATCH
Input data was 139 
Output data was 122,           MATCH
Input data was  18 
Output data was  30,           MATCH
Input data was  55 
Output data was 233,           MATCH
Input data was 131 
Output data was 235,           MATCH
Input data was 225 
Output data was  11,           MATCH
Input data was 206 
Output data was 110,           MATCH
Input data was  74 
Output data was  94,           MATCH
Input data was 213 
Output data was 124,           MATCH
Input data was 205 
Output data was  69,           MATCH
Input data was 228 
Output data was 139,           MATCH
Input data was 244 
Output data was  18,           MATCH
Input data was 236 
Output data was  55,           MATCH
Input data was  26 
Output data was 131,           MATCH
Input data was 227 
Output data was 225,           MATCH
Input data was 236 
Output data was 206,           MATCH
Input data was 243 
Output data was  74,           MATCH
Input data was  45 
Output data was 213,           MATCH
Input data was  92 
Output data was 205,           MATCH
Input data was 221 
Output data was 228,           MATCH
Input data was 236 
Output data was 244,           MATCH
Input data was 143 
Output data was 236,           MATCH
Input data was 255 
Output data was  26,           MATCH
Input data was 120 
Output data was 227,           MATCH
Input data was 171 
Output data was 236,           MATCH
Input data was  39 
Output data was 243,           MATCH
Input data was 251 
Output data was  45,           MATCH
Input data was  19 
Output data was  92,           MATCH
Input data was  12 
Output data was 221,           MATCH
Input data was 187 
Output data was 236,           MATCH
Input data was 230 
Output data was 143,           MATCH
Input data was  73 
Output data was 255,           MATCH
Input data was 106 
Output data was 120,           MATCH
Input data was  10 
Output data was 171,           MATCH
Input data was  24 
Output data was  39,           MATCH
Input data was 150 
Output data was 251,           MATCH
Input data was   9 
Output data was  19,           MATCH
Input data was  46 
Output data was  12,           MATCH
Input data was 189 
Output data was 187,           MATCH
Input data was 102 
Output data was 230,           MATCH
Input data was 118 
Output data was  73,           MATCH
Input data was 117 
Output data was 106,           MATCH
Input data was 143 
Output data was  10,           MATCH
Input data was 149 
Output data was  24,           MATCH
Input data was 123 
Output data was 150,           MATCH
Input data was 124 
Output data was   9,           MATCH
Input data was 111 
Output data was  46,           MATCH
Input data was 201 
Output data was 189,           MATCH
Input data was 201 
Output data was 102,           MATCH
Input data was 180 
Output data was 118,           MATCH
Input data was 218 
Output data was 117,           MATCH
Input data was 173 
Output data was 143,           MATCH
Input data was 223 
Output data was 149,           MATCH
Input data was  13 
Output data was 123,           MATCH
Input data was 112 
Output data was 124,           MATCH
Input data was 131 
Output data was 111,           MATCH
Input data was  81 
Output data was 201,           MATCH
Input data was   4 
Output data was 201,           MATCH
Input data was 128 
Output data was 180,           MATCH
Input data was 249 
Output data was 218,           MATCH
Input data was   6 
----- Flushing -----
Output data was 173,           MATCH
Output data was 223,           MATCH
Output data was  13,           MATCH
Output data was 112,           MATCH
Output data was 131,           MATCH
Input data was 202 
Output data was  81,           MATCH
Output data was   4,           MATCH
Output data was 128,           MATCH
Output data was 249,           MATCH
Output data was   6,           MATCH
Output data was 202,           MATCH
----- Starting -----
Input data was 223 
Input data was 201 
Input data was 132 
Input data was 176 
Input data was 233 
Input data was  16 
Input data was 222 
Input data was 172 
Input data was   9 
Input data was 215 
Input data was  97 
Input data was  13 
Input data was 145 
Output data was 223,           MATCH
Input data was 211 
Output data was 201,           MATCH
Input data was 154 
Output data was 132,           MATCH
Input data was  47 
Output data was 176,           MATCH
Input data was  78 
Output data was 233,           MATCH
Input data was 183 
Output data was  16,           MATCH
Input data was 198 
Output data was 222,           MATCH
Input data was  93 
Output data was 172,           MATCH
Input data was 156 
Output data was   9,           MATCH
Input data was  47 
Output data was 215,           MATCH
Input data was  68 
Output data was  97,           MATCH
Input data was 155 
Output data was  13,           MATCH
Input data was  98 
Output data was 145,           MATCH
Input data was 233 
Output data was 211,           MATCH
Input data was  46 
Output data was 154,           MATCH
Input data was 141 
Output data was  47,           MATCH
Input data was 198 
Output data was  78,           MATCH
Input data was 170 
Output data was 183,           MATCH
Input data was 160 
Output data was 198,           MATCH
Input data was  55 
Output data was  93,           MATCH
Input data was 240 
Output data was 156,           MATCH
Input data was 232 
Output data was  47,           MATCH
Input data was 205 
Output data was  68,           MATCH
Input data was 209 
Output data was 155,           MATCH
Input data was 187 
Output data was  98,           MATCH
Input data was 223 
Output data was 233,           MATCH
Input data was 125 
Output data was  46,           MATCH
Input data was  88 
Output data was 141,           MATCH
Input data was 159 
Output data was 198,           MATCH
Input data was 151 
Output data was 170,           MATCH
Input data was   6 
Output data was 160,           MATCH
Input data was  41 
Output data was  55,           MATCH
Input data was 196 
Output data was 240,           MATCH
Input data was 215 
Output data was 232,           MATCH
Input data was  93 
Output data was 205,           MATCH
Input data was  77 
Output data was 209,           MATCH
Input data was 115 
Output data was 187,           MATCH
Input data was 127 
Output data was 223,           MATCH
Input data was  78 
Output data was 125,           MATCH
Input data was 185 
Output data was  88,           MATCH
Input data was 224 
Output data was 159,           MATCH
Input data was  57 
Output data was 151,           MATCH
Input data was 129 
Output data was   6,           MATCH
Input data was  49 
Output data was  41,           MATCH
Input data was 143 
Output data was 196,           MATCH
Input data was 254 
Output data was 215,           MATCH
Input data was  93 
Output data was  93,           MATCH
Input data was  15 
Output data was  77,           MATCH
Input data was  51 
Output data was 115,           MATCH
Input data was 105 
Output data was 127,           MATCH
Input data was  86 
Output data was  78,           MATCH
Input data was 154 
Output data was 185,           MATCH
Input data was  92 
Output data was 224,           MATCH
Input data was  73 
Output data was  57,           MATCH
Input data was 211 
Output data was 129,           MATCH
Input data was  58 
Output data was  49,           MATCH
Input data was 216 
Output data was 143,           MATCH
Input data was 120 
Output data was 254,           MATCH
Input data was  57 
Output data was  93,           MATCH
Input data was  37 
Output data was  15,           MATCH
Input data was   9 
Output data was  51,           MATCH
Input data was  86 
Output data was 105,           MATCH
Input data was  44 
Output data was  86,           MATCH
Input data was 211 
Output data was 154,           MATCH
Input data was  26 
Output data was  92,           MATCH
Input data was   0 
Output data was  73,           MATCH
Input data was 172 
Output data was 211,           MATCH
Input data was 232 
Output data was  58,           MATCH
Input data was 108 
Output data was 216,           MATCH
Input data was 160 
Output data was 120,           MATCH
Input data was  29 
Output data was  57,           MATCH
Input data was 209 
Output data was  37,           MATCH
Input data was   0 
Output data was   9,           MATCH
Input data was 218 
Output data was  86,           MATCH
Input data was 216 
Output data was  44,           MATCH
Input data was 192 
Output data was 211,           MATCH
Input data was  76 
Output data was  26,           MATCH
Input data was 209 
Output data was   0,           MATCH
Input data was  81 
Output data was 172,           MATCH
Input data was  81 
Output data was 232,           MATCH
Input data was  69 
Output data was 108,           MATCH
Input data was 179 
Output data was 160,           MATCH
Input data was 126 
Output data was  29,           MATCH
Input data was 128 
Output data was 209,           MATCH
Input data was 252 
Output data was   0,           MATCH
Input data was  72 
Output data was 218,           MATCH
Input data was 129 
Output data was 216,           MATCH
Input data was  49 
Output data was 192,           MATCH
Input data was 167 
Output data was  76,           MATCH
Input data was 131 
Output data was 209,           MATCH
Input data was  63 
Output data was  81,           MATCH
Input data was   0 
Output data was  81,           MATCH
Input data was 100 
Output data was  69,           MATCH
Input data was 126 
Output data was 179,           MATCH
Input data was 241 
Output data was 126,           MATCH
Input data was 142 
Output data was 128,           MATCH
Input data was 158 
Output data was 252,           MATCH
Input data was 232 
Output data was  72,           MATCH
Input data was  73 
Output data was 129,           MATCH
Input data was  10 
Output data was  49,           MATCH
Input data was  95 
Output data was 167,           MATCH
Input data was  81 
Output data was 131,           MATCH
Input data was  73 
Output data was  63,           MATCH
Input data was  37 
Output data was   0,           MATCH
Input data was 108 
Output data was 100,           MATCH
Input data was  88 
Output data was 126,           MATCH
Input data was  94 
Output data was 241,           MATCH
Input data was  47 
Output data was 142,           MATCH
Input data was 131 
Output data was 158,           MATCH
Input data was  39 
Output data was 232,           MATCH
Input data was 212 
Output data was  73,           MATCH
Input data was 148 
Output data was  10,           MATCH
Input data was 146 
Output data was  95,           MATCH
Input data was  60 
Output data was  81,           MATCH
Input data was  70 
Output data was  73,           MATCH
Input data was 111 
Output data was  37,           MATCH
Input data was  65 
Output data was 108,           MATCH
Input data was 247 
Output data was  88,           MATCH
Input data was  22 
Output data was  94,           MATCH
Input data was 114 
Output data was  47,           MATCH
Input data was 162 
Output data was 131,           MATCH
Input data was 227 
Output data was  39,           MATCH
Input data was 146 
Output data was 212,           MATCH
Input data was 203 
Output data was 148,           MATCH
Input data was 104 
Output data was 146,           MATCH
Input data was  49 
Output data was  60,           MATCH
Input data was 203 
Output data was  70,           MATCH
Input data was  85 
Output data was 111,           MATCH
Input data was 113 
Output data was  65,           MATCH
Input data was  94 
Output data was 247,           MATCH
Input data was 205 
Output data was  22,           MATCH
Input data was 181 
Output data was 114,           MATCH
Input data was   8 
Output data was 162,           MATCH
Input data was 130 
Output data was 227,           MATCH
Input data was  63 
Output data was 146,           MATCH
Input data was 176 
Output data was 203,           MATCH
Input data was 172 
Output data was 104,           MATCH
Input data was  50 
Output data was  49,           MATCH
Input data was   5 
Output data was 203,           MATCH
Input data was  94 
Output data was  85,           MATCH
Input data was 184 
Output data was 113,           MATCH
Input data was 125 
Output data was  94,           MATCH
Input data was  10 
Output data was 205,           MATCH
Input data was 141 
Output data was 181,           MATCH
Input data was 201 
Output data was   8,           MATCH
Input data was 241 
Output data was 130,           MATCH
Input data was 180 
Output data was  63,           MATCH
Input data was 229 
Output data was 176,           MATCH
Input data was  52 
Output data was 172,           MATCH
Input data was  35 
Output data was  50,           MATCH
Input data was  45 
Output data was   5,           MATCH
Input data was  49 
Output data was  94,           MATCH
Input data was  94 
Output data was 184,           MATCH
Input data was 180 
Output data was 125,           MATCH
Input data was  14 
Output data was  10,           MATCH
Input data was 100 
Output data was 141,           MATCH
Input data was 100 
Output data was 201,           MATCH
Input data was  72 
Output data was 241,           MATCH
Input data was 138 
Output data was 180,           MATCH
Input data was 155 
Output data was 229,           MATCH
Input data was 205 
Output data was  52,           MATCH
Input data was 107 
Output data was  35,           MATCH
Input data was 171 
Output data was  45,           MATCH
Input data was 227 
Output data was  49,           MATCH
Input data was 189 
Output data was  94,           MATCH
Input data was 217 
Output data was 180,           MATCH
Input data was 194 
Output data was  14,           MATCH
Input data was 224 
Output data was 100,           MATCH
Input data was  95 
Output data was 100,           MATCH
Input data was  29 
Output data was  72,           MATCH
Input data was 147 
Output data was 138,           MATCH
Input data was  38 
Output data was 155,           MATCH
Input data was   5 
Output data was 205,           MATCH
Input data was   9 
Output data was 107,           MATCH
Input data was 108 
Output data was 171,           MATCH
Input data was 107 
Output data was 227,           MATCH
Input data was 176 
Output data was 189,           MATCH
Input data was 247 
Output data was 217,           MATCH
Input data was 165 
Output data was 194,           MATCH
Input data was  87 
Output data was 224,           MATCH
Input data was 118 
Output data was  95,           MATCH
Input data was  79 
Output data was  29,           MATCH
Input data was 180 
Output data was 147,           MATCH
Input data was  29 
Output data was  38,           MATCH
Input data was 135 
Output data was   5,           MATCH
Input data was  70 
Output data was   9,           MATCH
Input data was 102 
Output data was 108,           MATCH
Input data was 158 
Output data was 107,           MATCH
Input data was  63 
Output data was 176,           MATCH
Input data was  84 
Output data was 247,           MATCH
Input data was  84 
Output data was 165,           MATCH
Input data was  76 
Output data was  87,           MATCH
Input data was   6 
Output data was 118,           MATCH
Input data was  80 
Output data was  79,           MATCH
Input data was  45 
Output data was 180,           MATCH
Input data was 134 
Output data was  29,           MATCH
Input data was 106 
Output data was 135,           MATCH
Input data was 184 
Output data was  70,           MATCH
Input data was 239 
Output data was 102,           MATCH
Input data was 160 
Output data was 158,           MATCH
Input data was  63 
Output data was  63,           MATCH
Input data was   9 
Output data was  84,           MATCH
Input data was 168 
Output data was  84,           MATCH
Input data was  85 
Output data was  76,           MATCH
Input data was  30 
Output data was   6,           MATCH
Input data was 184 
Output data was  80,           MATCH
Input data was 206 
Output data was  45,           MATCH
Input data was 214 
Output data was 134,           MATCH
Input data was  37 
Output data was 106,           MATCH
Input data was 169 
Output data was 184,           MATCH
Input data was 207 
Output data was 239,           MATCH
Input data was  53 
Output data was 160,           MATCH
Input data was  64 
Output data was  63,           MATCH
Input data was 182 
Output data was   9,           MATCH
Input data was 245 
Output data was 168,           MATCH
Input data was  90 
Output data was  85,           MATCH
Input data was 225 
Output data was  30,           MATCH
Input data was  37 
Output data was 184,           MATCH
Input data was  39 
Output data was 206,           MATCH
Input data was  68 
Output data was 214,           MATCH
Input data was 121 
Output data was  37,           MATCH
Input data was 159 
Output data was 169,           MATCH
Input data was 168 
Output data was 207,           MATCH
Input data was 201 
Output data was  53,           MATCH
Input data was 133 
Output data was  64,           MATCH
Input data was 133 
Output data was 182,           MATCH
Input data was 115 
Output data was 245,           MATCH
Input data was 136 
Output data was  90,           MATCH
Input data was 150 
Output data was 225,           MATCH
Input data was  52 
Output data was  37,           MATCH
Input data was  61 
Output data was  39,           MATCH
Input data was  81 
Output data was  68,           MATCH
Input data was  27 
Output data was 121,           MATCH
Input data was  28 
Output data was 159,           MATCH
Input data was 189 
Output data was 168,           MATCH
Input data was 180 
Output data was 201,           MATCH
Input data was  78 
Output data was 133,           MATCH
Input data was  47 
Output data was 133,           MATCH
Input data was  89 
Output data was 115,           MATCH
Input data was 236 
Output data was 136,           MATCH
Input data was  30 
Output data was 150,           MATCH
Input data was 157 
Output data was  52,           MATCH
Input data was 192 
Output data was  61,           MATCH
Input data was 227 
Output data was  81,           MATCH
Input data was 100 
Output data was  27,           MATCH
Input data was  75 
Output data was  28,           MATCH
Input data was 145 
Output data was 189,           MATCH
Input data was 132 
Output data was 180,           MATCH
Input data was  73 
Output data was  78,           MATCH
Input data was  19 
Output data was  47,           MATCH
Input data was 179 
Output data was  89,           MATCH
Input data was  28 
Output data was 236,           MATCH
Input data was  40 
Output data was  30,           MATCH
Input data was  42 
Output data was 157,           MATCH
Input data was  93 
Output data was 192,           MATCH
Input data was 238 
Output data was 227,           MATCH
Input data was 204 
Output data was 100,           MATCH
Input data was 187 
Output data was  75,           MATCH
Input data was 120 
Output data was 145,           MATCH
Input data was 202 
Output data was 132,           MATCH
Input data was  93 
Output data was  73,           MATCH
Input data was  30 
Output data was  19,           MATCH
Input data was 118 
Output data was 179,           MATCH
Input data was 203 
Output data was  28,           MATCH
Input data was 219 
Output data was  40,           MATCH
Input data was 180 
Output data was  42,           MATCH
Input data was  32 
Output data was  93,           MATCH
Input data was   4 
Output data was 238,           MATCH
Input data was 121 
Output data was 204,           MATCH
Input data was 205 
Output data was 187,           MATCH
Input data was 146 
Output data was 120,           MATCH
Input data was  69 
Output data was 202,           MATCH
Input data was 169 
Output data was  93,           MATCH
Input data was 158 
Output data was  30,           MATCH
Input data was 221 
Output data was 118,           MATCH
Input data was 192 
Output data was 203,           MATCH
Input data was  75 
Output data was 219,           MATCH
Input data was 187 
Output data was 180,           MATCH
Input data was 129 
Output data was  32,           MATCH
Input data was 178 
Output data was   4,           MATCH
Input data was 179 
Output data was 121,           MATCH
Input data was  11 
Output data was 205,           MATCH
Input data was  72 
Output data was 146,           MATCH
Input data was 225 
Output data was  69,           MATCH
Input data was 252 
Output data was 169,           MATCH
Input data was 175 
Output data was 158,           MATCH
Input data was 160 
Output data was 221,           MATCH
Input data was  14 
Output data was 192,           MATCH
Input data was 117 
Output data was  75,           MATCH
Input data was 217 
Output data was 187,           MATCH
Input data was  13 
Output data was 129,           MATCH
Input data was  39 
Output data was 178,           MATCH
Input data was 116 
Output data was 179,           MATCH
Input data was 252 
Output data was  11,           MATCH
Input data was 191 
Output data was  72,           MATCH
Input data was  95 
Output data was 225,           MATCH
Input data was 129 
Output data was 252,           MATCH
Input data was 104 
Output data was 175,           MATCH
Input data was 250 
Output data was 160,           MATCH
Input data was 251 
Output data was  14,           MATCH
Input data was  25 
Output data was 117,           MATCH
Input data was 166 
Output data was 217,           MATCH
Input data was  83 
Output data was  13,           MATCH
Input data was 239 
Output data was  39,           MATCH
Input data was 237 
Output data was 116,           MATCH
Input data was 177 
Output data was 252,           MATCH
Input data was 100 
Output data was 191,           MATCH
Input data was  33 
Output data was  95,           MATCH
Input data was 246 
Output data was 129,           MATCH
Input data was 104 
Output data was 104,           MATCH
Input data was  20 
Output data was 250,           MATCH
Input data was 111 
Output data was 251,           MATCH
Input data was  42 
Output data was  25,           MATCH
Input data was  62 
Output data was 166,           MATCH
Input data was 247 
Output data was  83,           MATCH
Input data was  70 
Output data was 239,           MATCH
Input data was  61 
Output data was 237,           MATCH
Input data was 160 
Output data was 177,           MATCH
Input data was 250 
Output data was 100,           MATCH
Input data was 244 
Output data was  33,           MATCH
Input data was  51 
Output data was 246,           MATCH
Input data was   0 
Output data was 104,           MATCH
Input data was 220 
Output data was  20,           MATCH
Input data was 112 
Output data was 111,           MATCH
Input data was  41 
Output data was  42,           MATCH
Input data was  15 
Output data was  62,           MATCH
Input data was 150 
Output data was 247,           MATCH
Input data was 215 
Output data was  70,           MATCH
Input data was  35 
Output data was  61,           MATCH
Input data was   6 
Output data was 160,           MATCH
Input data was  74 
Output data was 250,           MATCH
Input data was  74 
Output data was 244,           MATCH
Input data was  65 
Output data was  51,           MATCH
Input data was 136 
Output data was   0,           MATCH
Input data was 205 
Output data was 220,           MATCH
Input data was 113 
Output data was 112,           MATCH
Input data was  40 
Output data was  41,           MATCH
Input data was  19 
Output data was  15,           MATCH
Input data was 108 
Output data was 150,           MATCH
Input data was  85 
Output data was 215,           MATCH
Input data was 254 
Output data was  35,           MATCH
Input data was 111 
Output data was   6,           MATCH
Input data was 244 
Output data was  74,           MATCH
Input data was 193 
Output data was  74,           MATCH
Input data was 211 
Output data was  65,           MATCH
Input data was  24 
Output data was 136,           MATCH
Input data was 173 
Output data was 205,           MATCH
Input data was 249 
Output data was 113,           MATCH
Input data was 200 
Output data was  40,           MATCH
Input data was  37 
Output data was  19,           MATCH
Input data was  72 
Output data was 108,           MATCH
Input data was 227 
Output data was  85,           MATCH
Input data was 208 
Output data was 254,           MATCH
Input data was 138 
Output data was 111,           MATCH
Input data was 103 
Output data was 244,           MATCH
Input data was 112 
Output data was 193,           MATCH
Input data was  96 
Output data was 211,           MATCH
Input data was  78 
Output data was  24,           MATCH
Input data was 207 
Output data was 173,           MATCH
Input data was 114 
Output data was 249,           MATCH
Input data was 242 
Output data was 200,           MATCH
Input data was 148 
Output data was  37,           MATCH
Input data was 232 
Output data was  72,           MATCH
Input data was 152 
Output data was 227,           MATCH
Input data was 158 
Output data was 208,           MATCH
Input data was 248 
Output data was 138,           MATCH
Input data was 141 
Output data was 103,           MATCH
Input data was 203 
Output data was 112,           MATCH
Input data was 175 
Output data was  96,           MATCH
Input data was  56 
Output data was  78,           MATCH
Input data was 224 
Output data was 207,           MATCH
Input data was 161 
Output data was 114,           MATCH
Input data was 148 
Output data was 242,           MATCH
Input data was 161 
Output data was 148,           MATCH
Input data was  33 
Output data was 232,           MATCH
Input data was  37 
Output data was 152,           MATCH
Input data was 235 
Output data was 158,           MATCH
Input data was  59 
Output data was 248,           MATCH
Input data was  46 
Output data was 141,           MATCH
Input data was 156 
Output data was 203,           MATCH
Input data was  22 
Output data was 175,           MATCH
Input data was  32 
Output data was  56,           MATCH
Input data was 194 
Output data was 224,           MATCH
[...]
Output data was 235,           MATCH
Input data was 233 
Output data was 127,           MATCH
Input data was 138 
Output data was 159,           MATCH
Input data was  26 
Output data was  46,           MATCH
Input data was 157 
Output data was 245,           MATCH
Input data was 143 
Output data was 143,           MATCH
Input data was 232 
Output data was  67,           MATCH
Input data was  13 
Output data was  87,           MATCH
Input data was 183 
Output data was 167,           MATCH
Input data was 118 
Output data was 240,           MATCH
Input data was 201 
Output data was  49,           MATCH
Input data was 162 
Output data was 193,           MATCH
Input data was 223 
Output data was 201,           MATCH
Input data was 238 
Output data was 233,           MATCH
Input data was 199 
Output data was 138,           MATCH
Input data was 168 
Output data was  26,           MATCH
Input data was 226 
Output data was 157,           MATCH
Input data was 182 
Output data was 143,           MATCH
Input data was  48 
Output data was 232,           MATCH
Input data was 242 
Output data was  13,           MATCH
Input data was 158 
Output data was 183,           MATCH
Input data was 164 
Output data was 118,           MATCH
Input data was  36 
Output data was 201,           MATCH
Input data was 139 
Output data was 162,           MATCH
Input data was  47 
Output data was 223,           MATCH
Input data was  54 
Output data was 238,           MATCH
Input data was 193 
Output data was 199,           MATCH
Input data was 166 
Output data was 168,           MATCH
Input data was 134 
Output data was 226,           MATCH
Input data was 143 
Output data was 182,           MATCH
Input data was 131 
Output data was  48,           MATCH
Input data was 121 
Output data was 242,           MATCH
Input data was  83 
Output data was 158,           MATCH
Input data was 196 
Output data was 164,           MATCH
Input data was  96 
Output data was  36,           MATCH
Input data was 198 
Output data was 139,           MATCH
Input data was 133 
Output data was  47,           MATCH
Input data was   3 
Output data was  54,           MATCH
Input data was 207 
Output data was 193,           MATCH
Input data was  60 
Output data was 166,           MATCH
Input data was  76 
Output data was 134,           MATCH
Input data was 134 
Output data was 143,           MATCH
Input data was  55 
Output data was 131,           MATCH
Input data was 116 
Output data was 121,           MATCH
Input data was 235 
Output data was  83,           MATCH
Input data was 200 
Output data was 196,           MATCH
Input data was 247 
Output data was  96,           MATCH
Input data was 193 
Output data was 198,           MATCH
Input data was  48 
Output data was 133,           MATCH
Input data was 245 
Output data was   3,           MATCH
Input data was 137 
Output data was 207,           MATCH
Input data was 124 
Output data was  60,           MATCH
Input data was 241 
Output data was  76,           MATCH
Input data was  11 
Output data was 134,           MATCH
Input data was 234 
Output data was  55,           MATCH
Input data was  28 
Output data was 116,           MATCH
Input data was  96 
Output data was 235,           MATCH
Input data was 174 
Output data was 200,           MATCH
Input data was 213 
Output data was 247,           MATCH
Input data was 192 
Output data was 193,           MATCH
Input data was 150 
Output data was  48,           MATCH
Input data was  26 
Output data was 245,           MATCH
Input data was 236 
Output data was 137,           MATCH
Input data was 100 
Output data was 124,           MATCH
Input data was  30 
Output data was 241,           MATCH
Input data was  48 
Output data was  11,           MATCH
Input data was 103 
Output data was 234,           MATCH
Input data was 137 
Output data was  28,           MATCH
Input data was 233 
Output data was  96,           MATCH
Input data was  22 
Output data was 174,           MATCH
Input data was  91 
Output data was 213,           MATCH
Input data was 113 
Output data was 192,           MATCH
Input data was 124 
Output data was 150,           MATCH
Input data was 108 
Output data was  26,           MATCH
Input data was  65 
Output data was 236,           MATCH
Input data was 184 
Output data was 100,           MATCH
Input data was 168 
Output data was  30,           MATCH
Input data was 114 
Output data was  48,           MATCH
Input data was 192 
Output data was 103,           MATCH
Input data was 126 
Output data was 137,           MATCH
Input data was 179 
Output data was 233,           MATCH
Input data was  64 
Output data was  22,           MATCH
Input data was 100 
Output data was  91,           MATCH
Input data was 210 
Output data was 113,           MATCH
Input data was  65 
Output data was 124,           MATCH
Input data was  93 
Output data was 108,           MATCH
Input data was  79 
Output data was  65,           MATCH
Input data was 165 
Output data was 184,           MATCH
Input data was 211 
Output data was 168,           MATCH
Input data was 207 
Output data was 114,           MATCH
Input data was 127 
Output data was 192,           MATCH
Input data was 239 
Output data was 126,           MATCH
Input data was  59 
Output data was 179,           MATCH
Input data was   8 
Output data was  64,           MATCH
Input data was 195 
Output data was 100,           MATCH
Input data was  66 
Output data was 210,           MATCH
Input data was 216 
Output data was  65,           MATCH
Input data was 179 
Output data was  93,           MATCH
Input data was 247 
Output data was  79,           MATCH
Input data was 139 
Output data was 165,           MATCH
Input data was 244 
Output data was 211,           MATCH
Input data was 208 
Output data was 207,           MATCH
Input data was 151 
Output data was 127,           MATCH
Input data was  44 
Output data was 239,           MATCH
Input data was  28 
Output data was  59,           MATCH
Input data was  27 
Output data was   8,           MATCH
Input data was  82 
Output data was 195,           MATCH
Input data was  52 
Output data was  66,           MATCH
Input data was 198 
Output data was 216,           MATCH
Input data was  64 
Output data was 179,           MATCH
Input data was 160 
Output data was 247,           MATCH
Input data was 219 
Output data was 139,           MATCH
Input data was  39 
Output data was 244,           MATCH
Input data was 187 
Output data was 208,           MATCH
Input data was   4 
Output data was 151,           MATCH
Input data was  24 
Output data was  44,           MATCH
Input data was 135 
Output data was  28,           MATCH
Input data was 252 
Output data was  27,           MATCH
Input data was  11 
Output data was  82,           MATCH
Input data was  97 
Output data was  52,           MATCH
Input data was 235 
Output data was 198,           MATCH
Input data was 168 
Output data was  64,           MATCH
Input data was 153 
Output data was 160,           MATCH
Input data was 118 
Output data was 219,           MATCH
Input data was 116 
Output data was  39,           MATCH
Input data was 136 
Output data was 187,           MATCH
Input data was 180 
Output data was   4,           MATCH
Input data was  76 
Output data was  24,           MATCH
Input data was  75 
Output data was 135,           MATCH
Input data was  13 
Output data was 252,           MATCH
Input data was  63 
Output data was  11,           MATCH
Input data was 235 
Output data was  97,           MATCH
Input data was 105 
Output data was 235,           MATCH
Input data was 236 
Output data was 168,           MATCH
Input data was 230 
Output data was 153,           MATCH
Input data was 101 
Output data was 118,           MATCH
Input data was  25 
Output data was 116,           MATCH
Input data was 193 
Output data was 136,           MATCH
Input data was 178 
Output data was 180,           MATCH
Input data was 164 
Output data was  76,           MATCH
Input data was 142 
Output data was  75,           MATCH
Input data was  60 
Output data was  13,           MATCH
Input data was 114 
Output data was  63,           MATCH
Input data was  78 
Output data was 235,           MATCH
Input data was  97 
Output data was 105,           MATCH
Input data was 193 
Output data was 236,           MATCH
Input data was 134 
Output data was 230,           MATCH
Input data was 105 
Output data was 101,           MATCH
Input data was  82 
Output data was  25,           MATCH
Input data was   2 
Output data was 193,           MATCH
Input data was  43 
Output data was 178,           MATCH
Input data was   2 
Output data was 164,           MATCH
Input data was  32 
Output data was 142,           MATCH
Input data was 132 
Output data was  60,           MATCH
Input data was 214 
Output data was 114,           MATCH
Input data was 142 
Output data was  78,           MATCH
Input data was 212 
Output data was  97,           MATCH
Input data was 130 
Output data was 193,           MATCH
Input data was 195 
Output data was 134,           MATCH
Input data was  51 
Output data was 105,           MATCH
Input data was  87 
Output data was  82,           MATCH
Input data was  51 
Output data was   2,           MATCH
Input data was  72 
Output data was  43,           MATCH
Input data was 195 
Output data was   2,           MATCH
Input data was 164 
Output data was  32,           MATCH
Input data was 224 
Output data was 132,           MATCH
Input data was   2 
Output data was 214,           MATCH
Input data was 138 
Output data was 142,           MATCH
Input data was 123 
Output data was 212,           MATCH
Input data was 194 
Output data was 130,           MATCH
Input data was 125 
Output data was 195,           MATCH
Input data was 192 
Output data was  51,           MATCH
Input data was 226 
Output data was  87,           MATCH
Input data was  43 
Output data was  51,           MATCH
Input data was 101 
Output data was  72,           MATCH
Input data was 196 
Output data was 195,           MATCH
Input data was  76 
Output data was 164,           MATCH
Input data was 227 
Output data was 224,           MATCH
Input data was 221 
Output data was   2,           MATCH
Input data was 218 
Output data was 138,           MATCH
Input data was 201 
Output data was 123,           MATCH
Input data was  64 
Output data was 194,           MATCH
Input data was  23 
Output data was 125,           MATCH
Input data was 180 
Output data was 192,           MATCH
Input data was   6 
Output data was 226,           MATCH
Input data was 225 
Output data was  43,           MATCH
Input data was 190 
Output data was 101,           MATCH
Input data was 105 
Output data was 196,           MATCH
Input data was 138 
Output data was  76,           MATCH
Input data was 148 
Output data was 227,           MATCH
Input data was  77 
Output data was 221,           MATCH
Input data was  32 
Output data was 218,           MATCH
Input data was 243 
Output data was 201,           MATCH
Input data was  84 
Output data was  64,           MATCH
Input data was 240 
Output data was  23,           MATCH
Input data was  32 
Output data was 180,           MATCH
Input data was 150 
Output data was   6,           MATCH
Input data was 218 
Output data was 225,           MATCH
Input data was 254 
Output data was 190,           MATCH
Input data was 129 
Output data was 105,           MATCH
Input data was  95 
Output data was 138,           MATCH
Input data was 186 
Output data was 148,           MATCH
Input data was 170 
Output data was  77,           MATCH
Input data was  54 
Output data was  32,           MATCH
Input data was  59 
Output data was 243,           MATCH
Input data was 135 
Output data was  84,           MATCH
Input data was   3 
Output data was 240,           MATCH
Input data was 161 
Output data was  32,           MATCH
Input data was 237 
Output data was 150,           MATCH
Input data was 237 
Output data was 218,           MATCH
Input data was 213 
Output data was 254,           MATCH
Output data was 129,           MATCH
Output data was  95,           MATCH
Output data was 186,           MATCH
Output data was 170,           MATCH
Output data was  54,           MATCH
Output data was  59,           MATCH
Output data was 135,           MATCH
Output data was   3,           MATCH
Output data was 161,           MATCH
Output data was 237,           MATCH
Output data was 237,           MATCH

!!! WATCHDOG TIMEOUT after 10000000000 !!!

/workspace/src/cores/async_fifo/test/clock_rates/async_fifo_clkrates_tb.sv:153: $finish(1) called at 10000000100 (1ps)
<end of output>
Test time =   1.13 sec
----------------------------------------------------------
Test Passed.
"async_fifo_clkrates_tb" end time: Dec 11 15:06 UTC
"async_fifo_clkrates_tb" time elapsed: 00:00:01
----------------------------------------------------------

2/3 Testing: async_fifo_writepast_tb
2/3 Test: async_fifo_writepast_tb
Command: "/usr/bin/vvp" "/workspace/build/async_fifo_writepast_tb.vvp"
Directory: /workspace/build
"async_fifo_writepast_tb" start time: Dec 11 15:06 UTC
Output:
----------------------------------------------------------

=== TEST CASE: Write-Past ===

VCD info: dumpfile test_case_1.vcd opened for output.
VCD warning: $dumpvars: Package ($unit) is not dumpable with VCD.
----STARTING THE TESTBENCH-----
Input data was   0  while NOT full
Input data was   1  while NOT full
Input data was   2  while NOT full
Input data was   3  while NOT full
Input data was   4  while NOT full
Input data was   5  while NOT full
Input data was   6  while NOT full
Input data was   7  while NOT full
Input data was   8  while     FULL
Input data was   9  while     FULL
Input data was  10  while     FULL
Input data was  11  while     FULL
Input data was  12  while     FULL
Input data was  13  while     FULL
Input data was  14  while     FULL
Input data was  15  while     FULL
Input data was  16  while     FULL
Input data was  17  while     FULL
Input data was  18  while     FULL
Input data was  19  while     FULL
Output data was   0,           MATCH
Output data was   1,           MATCH
Output data was   2,           MATCH
Output data was   3,           MATCH
Output data was   4,           MATCH
Output data was   5,           MATCH
Output data was   6,           MATCH
Output data was   7,           MATCH
Output data was   8,           MATCH
Output data was   9,           MATCH
Output data was  10,           MATCH
Output data was  11,           MATCH
Output data was  12,           MATCH
Output data was  13,           MATCH
Output data was  14,           MATCH
Output data was  15,           MATCH
Input data was  20  while NOT full
Input data was  21  while NOT full
Input data was  22  while NOT full
Input data was  23  while NOT full
Input data was  24  while NOT full
Input data was  25  while NOT full
Input data was  26  while NOT full
Input data was  27  while NOT full
Input data was  28  while     FULL
Input data was  29  while     FULL
Input data was  30  while     FULL
Input data was  31  while     FULL
Input data was  32  while     FULL
Input data was  33  while     FULL
Input data was  34  while     FULL
Input data was  35  while     FULL
Input data was  36  while     FULL
Input data was  37  while     FULL
Input data was  38  while     FULL
Input data was  39  while     FULL
Output data was  20,           MATCH
Output data was  21,           MATCH
Output data was  22,           MATCH
Output data was  23,           MATCH
Output data was  24,           MATCH
Output data was  25,           MATCH
Output data was  26,           MATCH
Output data was  27,           MATCH
Output data was  28,           MATCH
Output data was  29,           MATCH
Output data was  30,           MATCH
Output data was  31,           MATCH
Output data was  32,           MATCH
Output data was  33,           MATCH
Output data was  34,           MATCH
Output data was  35,           MATCH

!!! WATCHDOG TIMEOUT after 10000000000 !!!

/workspace/src/cores/async_fifo/test/write_past/async_fifo_writepast_tb.sv:159: $finish(1) called at 10000000100 (1ps)
<end of output>
Test time =   1.84 sec
----------------------------------------------------------
Test Passed.
"async_fifo_writepast_tb" end time: Dec 11 15:06 UTC
"async_fifo_writepast_tb" time elapsed: 00:00:01
----------------------------------------------------------

3/3 Testing: async_fifo_fwft_writepast_tb
3/3 Test: async_fifo_fwft_writepast_tb
Command: "/usr/bin/vvp" "/workspace/build/async_fifo_fwft_writepast_tb.vvp"
Directory: /workspace/build
"async_fifo_fwft_writepast_tb" start time: Dec 11 15:06 UTC
Output:
----------------------------------------------------------

=== TEST CASE: Write-Past ===

VCD info: dumpfile test_case_1.vcd opened for output.
VCD warning: $dumpvars: Package ($unit) is not dumpable with VCD.
----STARTING THE TESTBENCH-----
Input data was   0  while NOT full
Input data was   1  while NOT full
Input data was   2  while NOT full
Input data was   3  while NOT full
Input data was   4  while NOT full
Input data was   5  while NOT full
Input data was   6  while NOT full
Input data was   7  while NOT full
Input data was   8  while     FULL
Input data was   9  while     FULL
Input data was  10  while     FULL
Input data was  11  while     FULL
Input data was  12  while     FULL
Input data was  13  while     FULL
Input data was  14  while     FULL
Input data was  15  while     FULL
Input data was  16  while     FULL
Input data was  17  while     FULL
Input data was  18  while     FULL
Input data was  19  while     FULL
Output data was   0,           MATCH
Output data was   1,           MATCH
Output data was   2,           MATCH
Output data was   3,           MATCH
Output data was   4,           MATCH
Output data was   5,           MATCH
Output data was   6,           MATCH
Output data was   7,           MATCH
Output data was   8,           MATCH
Output data was   9,           MATCH
Output data was  10,           MATCH
Output data was  11,           MATCH
Output data was  12,           MATCH
Output data was  13,           MATCH
Output data was  14,           MATCH
Output data was  15,           MATCH
Output data was  16,           MATCH
Input data was  20  while NOT full
Input data was  21  while NOT full
Input data was  22  while NOT full
Input data was  23  while NOT full
Input data was  24  while NOT full
Input data was  25  while NOT full
Input data was  26  while NOT full
Input data was  27  while NOT full
Input data was  28  while     FULL
Input data was  29  while     FULL
Input data was  30  while     FULL
Input data was  31  while     FULL
Input data was  32  while     FULL
Input data was  33  while     FULL
Input data was  34  while     FULL
Input data was  35  while     FULL
Input data was  36  while     FULL
Input data was  37  while     FULL
Input data was  38  while     FULL
Input data was  39  while     FULL
Output data was  20,           MATCH
Output data was  21,           MATCH
Output data was  22,           MATCH
Output data was  23,           MATCH
Output data was  24,           MATCH
Output data was  25,           MATCH
Output data was  26,           MATCH
Output data was  27,           MATCH
Output data was  28,           MATCH
Output data was  29,           MATCH
Output data was  30,           MATCH
Output data was  31,           MATCH
Output data was  32,           MATCH
Output data was  33,           MATCH
Output data was  34,           MATCH
Output data was  35,           MATCH
Output data was  36,           MATCH

!!! WATCHDOG TIMEOUT after 10000000000 !!!

/workspace/src/cores/async_fifo/test/write_past_fwft/async_fifo_fwft_writepast_tb.sv:159: $finish(1) called at 10000000100 (1ps)
<end of output>
Test time =   1.92 sec
----------------------------------------------------------
Test Passed.
"async_fifo_fwft_writepast_tb" end time: Dec 11 15:06 UTC
"async_fifo_fwft_writepast_tb" time elapsed: 00:00:01
----------------------------------------------------------

End testing: Dec 11 15:06 UTC
