Start testing: Dec 11 17:15 UTC
----------------------------------------------------------
1/23 Testing: async_fifo_clkrates_tb
1/23 Test: async_fifo_clkrates_tb
Command: "/usr/bin/vvp" "/workspace/build/async_fifo_clkrates_tb.vvp"
Directory: /workspace/build
"async_fifo_clkrates_tb" start time: Dec 11 17:15 UTC
Output:
----------------------------------------------------------

============================================================
  TEST CASE: Multiple-clock-ratios
============================================================

VCD info: dumpfile test_case_1.vcd opened for output.
VCD warning: $dumpvars: Package ($unit) is not dumpable with VCD.
----STARTING THE TESTBENCH-----
----- Read clock is 50 MHz -----
----- Setting write clock to 80 MHz -----
Input data was   0 
Input data was  36 
Input data was 129 
Input data was   9 
Input data was  99 
Input data was  13 
Input data was 141 
Input data was 101 
Input data was  18 
Output data was   0,           MATCH
Input data was   1 
Output data was  36,           MATCH
Input data was  13 
Input data was 118 
Output data was 129,           MATCH
Input data was  61 
Output data was   9,           MATCH
Input data was 237 
Input data was 140 
Output data was  99,           MATCH
Input data was 249 
Input data was 198 
Output data was  13,           MATCH
Output data was 141,           MATCH
Input data was 197 
Output data was 101,           MATCH
Input data was 170 
Output data was  18,           MATCH
Input data was 229 
Output data was   1,           MATCH
Input data was 119 
Input data was  18 
Output data was  13,           MATCH
Output data was 118,           MATCH
Input data was 143 
Output data was  61,           MATCH
Input data was 242 
Output data was 237,           MATCH
Input data was 206 
Output data was 140,           MATCH
Input data was 232 
Input data was 197 
Output data was 249,           MATCH
Output data was 198,           MATCH
Input data was  92 
Output data was 197,           MATCH
Input data was 189 
Output data was 170,           MATCH
Input data was  45 
Output data was 229,           MATCH
Input data was 101 
Input data was  99 
Output data was 119,           MATCH
Output data was  18,           MATCH
Input data was  10 
Output data was 143,           MATCH
Input data was 128 
Output data was 242,           MATCH
Input data was  32 
Output data was 206,           MATCH
Input data was 170 
Input data was 157 
Output data was 232,           MATCH
Output data was 197,           MATCH
Input data was 150 
Output data was  92,           MATCH
Input data was  19 
Output data was 189,           MATCH
Input data was  13 
Output data was  45,           MATCH
Input data was  83 
Input data was 107 
Output data was 101,           MATCH
Output data was  99,           MATCH
Input data was 213 
Output data was  10,           MATCH
Input data was   2 
Output data was 128,           MATCH
Input data was 174 
Output data was  32,           MATCH
Input data was  29 
Input data was 207 
Output data was 170,           MATCH
Output data was 157,           MATCH
Input data was  35 
Output data was 150,           MATCH
Input data was  10 
Output data was  19,           MATCH
Input data was 202 
Output data was  13,           MATCH
Input data was  60 
Input data was 242 
Output data was  83,           MATCH
Output data was 107,           MATCH
Input data was 138 
Output data was 213,           MATCH
Input data was  65 
Output data was   2,           MATCH
Input data was 216 
Output data was 174,           MATCH
Input data was 120 
Input data was 137 
Output data was  29,           MATCH
Output data was 207,           MATCH
Input data was 235 
Output data was  35,           MATCH
Input data was 182 
Output data was  10,           MATCH
Input data was 198 
Output data was 202,           MATCH
Input data was 174 
Input data was 188 
Output data was  60,           MATCH
Output data was 242,           MATCH
Input data was  42 
Output data was 138,           MATCH
Input data was  11 
Output data was  65,           MATCH
Input data was 113 
Output data was 216,           MATCH
Input data was 133 
Input data was  79 
Output data was 120,           MATCH
Output data was 137,           MATCH
Input data was  59 
Output data was 235,           MATCH
Input data was  58 
Output data was 182,           MATCH
Input data was 126 
Output data was 198,           MATCH
Input data was  21 
Input data was 241 
Output data was 174,           MATCH
Output data was 188,           MATCH
Input data was 217 
Output data was  42,           MATCH
Input data was  98 
Output data was  11,           MATCH
Input data was  76 
Output data was 113,           MATCH
Input data was 159 
Input data was 143 
Output data was 133,           MATCH
Output data was  79,           MATCH
Input data was 248 
Output data was  59,           MATCH
Input data was 183 
Output data was  58,           MATCH
Input data was 159 
Output data was 126,           MATCH
Input data was  92 
Input data was  91 
Output data was  21,           MATCH
Output data was 241,           MATCH
Input data was 137 
Output data was 217,           MATCH
Input data was  73 
Output data was  98,           MATCH
Input data was 208 
Output data was  76,           MATCH
Input data was 215 
Input data was  81 
Output data was 159,           MATCH
Output data was 143,           MATCH
Input data was 150 
Output data was 248,           MATCH
Input data was  12 
Output data was 183,           MATCH
Input data was 194 
Output data was 159,           MATCH
Input data was 200 
Input data was 119 
Output data was  92,           MATCH
Output data was  91,           MATCH
Input data was  61 
Output data was 137,           MATCH
Input data was  18 
Output data was  73,           MATCH
Input data was 126 
Output data was 208,           MATCH
Input data was 109 
Input data was  57 
Output data was 215,           MATCH
Output data was  81,           MATCH
Input data was  31 
Output data was 150,           MATCH
Input data was 211 
Output data was  12,           MATCH
Input data was 133 
Output data was 194,           MATCH
Input data was 120 
Input data was  91 
Output data was 200,           MATCH
Output data was 119,           MATCH
Input data was  73 
Output data was  61,           MATCH
Input data was  63 
Output data was  18,           MATCH
Input data was  42 
Output data was 126,           MATCH
Input data was  88 
Input data was 134 
Output data was 109,           MATCH
Output data was  57,           MATCH
Input data was 142 
Output data was  31,           MATCH
Input data was 156 
Output data was 211,           MATCH
Input data was 250 
Output data was 133,           MATCH
Input data was  38 
Input data was 115 
Output data was 120,           MATCH
Output data was  91,           MATCH
Input data was 163 
Output data was  73,           MATCH
Input data was  47 
Output data was  63,           MATCH
Input data was 179 
Output data was  42,           MATCH
Input data was  95 
Input data was  68 
Output data was  88,           MATCH
Output data was 134,           MATCH
Input data was 247 
Output data was 142,           MATCH
Input data was 203 
Output data was 156,           MATCH
Input data was 230 
Output data was 250,           MATCH
Input data was  90 
Input data was  41 
Output data was  38,           MATCH
Output data was 115,           MATCH
Input data was 237 
Output data was 163,           MATCH
Input data was 218 
Output data was  47,           MATCH
Input data was 101 
Output data was 179,           MATCH
Input data was 181 
Input data was 223 
Output data was  95,           MATCH
Output data was  68,           MATCH
Input data was 121 
Output data was 247,           MATCH
Input data was  68 
Output data was 203,           MATCH
Input data was 208 
Output data was 230,           MATCH
Input data was  42 
Input data was 171 
Output data was  90,           MATCH
Output data was  41,           MATCH
Input data was  14 
Output data was 237,           MATCH
Input data was 220 
Output data was 218,           MATCH
Input data was 154 
Output data was 101,           MATCH
Input data was 253 
Input data was 195 
Output data was 181,           MATCH
Output data was 223,           MATCH
Input data was  86 
Output data was 121,           MATCH
Input data was  78 
Output data was  68,           MATCH
Input data was 103 
Output data was 208,           MATCH
Input data was  10 
Input data was 182 
Output data was  42,           MATCH
Output data was 171,           MATCH
Input data was  56 
Output data was  14,           MATCH
Input data was 121 
Output data was 220,           MATCH
Input data was 184 
Output data was 154,           MATCH
Input data was 148 
Input data was 147 
Output data was 253,           MATCH
Output data was 195,           MATCH
Input data was   4 
Output data was  86,           MATCH
Input data was  89 
Output data was  78,           MATCH
Input data was 219 
Output data was 103,           MATCH
Input data was  77 
Input data was 217 
Output data was  10,           MATCH
Output data was 182,           MATCH
Input data was 109 
Output data was  56,           MATCH
Input data was 118 
Output data was 121,           MATCH
Input data was 202 
Output data was 184,           MATCH
Input data was 182 
Input data was 149 
Output data was 148,           MATCH
Output data was 147,           MATCH
Input data was  70 
Output data was   4,           MATCH
Input data was   4 
Output data was  89,           MATCH
Input data was 247 
Output data was 219,           MATCH
Input data was 105 
Input data was 180 
Output data was  77,           MATCH
Output data was 217,           MATCH
Input data was 136 
Output data was 109,           MATCH
Input data was  40 
Output data was 118,           MATCH
Input data was  45 
Output data was 202,           MATCH
Input data was 199 
Input data was  46 
Output data was 182,           MATCH
Output data was 149,           MATCH
Input data was   8 
Output data was  70,           MATCH
Input data was  28 
Output data was   4,           MATCH
Input data was 253 
Output data was 247,           MATCH
Input data was  41 
Input data was  28 
Output data was 105,           MATCH
Output data was 180,           MATCH
Input data was 134 
Output data was 136,           MATCH
Input data was 218 
Output data was  40,           MATCH
Input data was  61 
Output data was  45,           MATCH
Input data was 102 
Input data was 112 
Output data was 199,           MATCH
Output data was  46,           MATCH
Input data was 115 
Output data was   8,           MATCH
Input data was 186 
Output data was  28,           MATCH
Input data was  94 
Output data was 253,           MATCH
Input data was 250 
Input data was 213 
Output data was  41,           MATCH
Output data was  28,           MATCH
Input data was  26 
Output data was 134,           MATCH
Input data was 185 
Output data was 218,           MATCH
Input data was  55 
Output data was  61,           MATCH
Input data was 150 
Input data was 192 
Output data was 102,           MATCH
Output data was 112,           MATCH
Input data was  38 
Output data was 115,           MATCH
Input data was 182 
Output data was 186,           MATCH
Input data was 125 
Output data was  94,           MATCH
Input data was 220 
Input data was 134 
Output data was 250,           MATCH
Output data was 213,           MATCH
Input data was 120 
Output data was  26,           MATCH
Input data was 126 
Output data was 185,           MATCH
Input data was 219 
Output data was  55,           MATCH
Input data was 207 
Input data was 121 
Output data was 150,           MATCH
Output data was 192,           MATCH
Input data was 250 
Output data was  38,           MATCH
Input data was  97 
Output data was 182,           MATCH
Input data was  23 
----- Setting write clock to 40.81 MHz -----
Output data was 125,           MATCH
Output data was 220,           MATCH
Input data was 161 
Output data was 134,           MATCH
Input data was 134 
Output data was 120,           MATCH
Output data was 126,           MATCH
Input data was  80 
Output data was 219,           MATCH
Output data was 207,           MATCH
Input data was 245 
Output data was 121,           MATCH
Input data was  53 
Output data was 250,           MATCH
Input data was  41 
Output data was  97,           MATCH
Input data was 193 
Output data was  23,           MATCH
Output data was 161,           MATCH
Input data was 197 
Output data was 134,           MATCH
Input data was 152 
Output data was  80,           MATCH
Input data was  75 
Output data was 245,           MATCH
Input data was 115 
Output data was  53,           MATCH
Input data was 236 
Output data was  41,           MATCH
Output data was 193,           MATCH
Input data was 138 
Output data was 197,           MATCH
Input data was  78 
Output data was 152,           MATCH
Input data was 168 
Output data was  75,           MATCH
Input data was 169 
Output data was 115,           MATCH
Output data was 236,           MATCH
Input data was 161 
Output data was 138,           MATCH
Input data was  14 
Output data was  78,           MATCH
Input data was 230 
Output data was 168,           MATCH
Input data was 159 
Input data was  42 
Output data was 169,           MATCH
Output data was 161,           MATCH
Input data was  42 
Output data was  14,           MATCH
Input data was 141 
Output data was 230,           MATCH
Input data was 158 
Output data was 159,           MATCH
Input data was  56 
Output data was  42,           MATCH
Input data was 121 
Output data was  42,           MATCH
Input data was 200 
Output data was 141,           MATCH
Input data was 202 
Output data was 158,           MATCH
Input data was  19 
Input data was 107 
Output data was  56,           MATCH
Output data was 121,           MATCH
Input data was 199 
Output data was 200,           MATCH
Input data was 182 
Output data was 202,           MATCH
Input data was 186 
Output data was  19,           MATCH
Input data was 196 
Output data was 107,           MATCH
Input data was 185 
Output data was 199,           MATCH
Input data was 146 
Output data was 182,           MATCH
Input data was 180 
Output data was 186,           MATCH
Input data was 127 
Input data was 134 
Output data was 196,           MATCH
Output data was 185,           MATCH
Input data was 250 
Output data was 146,           MATCH
Input data was 242 
Output data was 180,           MATCH
Input data was  50 
Output data was 127,           MATCH
Input data was 189 
Output data was 134,           MATCH
Input data was 132 
Output data was 250,           MATCH
Input data was 228 
Output data was 242,           MATCH
Input data was 202 
Output data was  50,           MATCH
Input data was 169 
Output data was 189,           MATCH
Input data was 161 
Output data was 132,           MATCH
Input data was 142 
Output data was 228,           MATCH
Input data was 251 
Output data was 202,           MATCH
Input data was  11 
Input data was 239 
Output data was 169,           MATCH
Output data was 161,           MATCH
Input data was 201 
Output data was 142,           MATCH
Input data was  54 
Output data was 251,           MATCH
Input data was 117 
Output data was  11,           MATCH
Input data was 143 
Output data was 239,           MATCH
Input data was 107 
Output data was 201,           MATCH
Input data was 136 
Output data was  54,           MATCH
Input data was 174 
Output data was 117,           MATCH
Input data was 155 
Input data was 146 
Output data was 143,           MATCH
Output data was 107,           MATCH
Input data was  40 
Output data was 136,           MATCH
Input data was  45 
Output data was 174,           MATCH
Input data was  75 
Output data was 155,           MATCH
Input data was 194 
Output data was 146,           MATCH
Input data was  30 
Output data was  40,           MATCH
Input data was  13 
Output data was  45,           MATCH
Input data was 236 
Output data was  75,           MATCH
Input data was  24 
Input data was 209 
Output data was 194,           MATCH
Output data was  30,           MATCH
Input data was 134 
Output data was  13,           MATCH
Input data was  65 
Output data was 236,           MATCH
Input data was  59 
Output data was  24,           MATCH
Input data was 216 
Output data was 209,           MATCH
Input data was  83 
Output data was 134,           MATCH
Input data was  86 
Output data was  65,           MATCH
Input data was  91 
Output data was  59,           MATCH
Input data was 226 
Input data was   4 
Output data was 216,           MATCH
Output data was  83,           MATCH
Input data was 115 
Output data was  86,           MATCH
Input data was 216 
Output data was  91,           MATCH
Input data was  18 
Output data was 226,           MATCH
Input data was 184 
Output data was   4,           MATCH
Input data was  57 
Output data was 115,           MATCH
Input data was 229 
Output data was 216,           MATCH
Input data was 161 
Output data was  18,           MATCH
Input data was  43 
Output data was 184,           MATCH
Input data was 129 
Output data was  57,           MATCH
Input data was 200 
Output data was 229,           MATCH
Input data was  39 
Output data was 161,           MATCH
Input data was 161 
Input data was  31 
Output data was  43,           MATCH
Output data was 129,           MATCH
Input data was   4 
Output data was 200,           MATCH
Input data was  88 
Output data was  39,           MATCH
Input data was 150 
Output data was 161,           MATCH
Input data was  20 
Output data was  31,           MATCH
Input data was  18 
Output data was   4,           MATCH
Input data was 150 
Output data was  88,           MATCH
Input data was 177 
Output data was 150,           MATCH
Input data was  85 
Input data was 237 
Output data was  20,           MATCH
Output data was  18,           MATCH
Input data was  43 
Output data was 150,           MATCH
Input data was 245 
Output data was 177,           MATCH
Input data was 173 
Output data was  85,           MATCH
Input data was  39 
Output data was 237,           MATCH
Input data was 132 
Output data was  43,           MATCH
Input data was 167 
Output data was 245,           MATCH
Input data was 231 
Output data was 173,           MATCH
Input data was 185 
Input data was  73 
Output data was  39,           MATCH
Output data was 132,           MATCH
Input data was 219 
Output data was 167,           MATCH
Input data was 201 
Output data was 231,           MATCH
Input data was  81 
Output data was 185,           MATCH
Input data was 161 
Output data was  73,           MATCH
Input data was  42 
Output data was 219,           MATCH
Input data was 250 
Output data was 201,           MATCH
Input data was  69 
Output data was  81,           MATCH
Input data was 131 
Input data was 124 
Output data was 161,           MATCH
Output data was  42,           MATCH
Input data was 114 
Output data was 250,           MATCH
Input data was 254 
Output data was  69,           MATCH
Input data was 104 
Output data was 131,           MATCH
Input data was 111 
Output data was 124,           MATCH
Input data was 134 
Output data was 114,           MATCH
Input data was 240 
Output data was 254,           MATCH
Input data was  56 
Output data was 104,           MATCH
Input data was  64 
Output data was 111,           MATCH
Input data was  40 
Output data was 134,           MATCH
Input data was 246 
Output data was 240,           MATCH
Input data was 197 
Output data was  56,           MATCH
Input data was 192 
Input data was 116 
Output data was  64,           MATCH
Output data was  40,           MATCH
Input data was  57 
Output data was 246,           MATCH
Input data was 176 
Output data was 197,           MATCH
Input data was  60 
Output data was 192,           MATCH
Input data was  42 
Output data was 116,           MATCH
Input data was  98 
Output data was  57,           MATCH
Input data was  21 
Output data was 176,           MATCH
Input data was 225 
Output data was  60,           MATCH
Input data was  23 
Input data was  67 
Output data was  42,           MATCH
Output data was  98,           MATCH
Input data was 201 
Output data was  21,           MATCH
Input data was 134 
Output data was 225,           MATCH
Input data was  37 
Output data was  23,           MATCH
Input data was 193 
Output data was  67,           MATCH
Input data was 141 
Output data was 201,           MATCH
Input data was  90 
Output data was 134,           MATCH
Input data was   7 
Output data was  37,           MATCH
Input data was  44 
Input data was  12 
Output data was 193,           MATCH
Output data was 141,           MATCH
Input data was 113 
Output data was  90,           MATCH
Input data was  59 
Output data was   7,           MATCH
Input data was 182 
Output data was  44,           MATCH
Input data was 247 
Output data was  12,           MATCH
Input data was 158 
Output data was 113,           MATCH
Input data was  92 
Output data was  59,           MATCH
Input data was  85 
Output data was 182,           MATCH
Input data was  32 
Input data was 160 
Output data was 247,           MATCH
Output data was 158,           MATCH
Input data was 114 
Output data was  92,           MATCH
Input data was 180 
Output data was  85,           MATCH
Input data was 221 
Output data was  32,           MATCH
Input data was  13 
Output data was 160,           MATCH
Input data was  75 
Output data was 114,           MATCH
Input data was 121 
Output data was 180,           MATCH
Input data was 158 
Output data was 221,           MATCH
Input data was 253 
Output data was  13,           MATCH
Input data was 123 
Output data was  75,           MATCH
Input data was 143 
Output data was 121,           MATCH
Input data was   3 
Output data was 158,           MATCH
Input data was 227 
Input data was  29 
Output data was 253,           MATCH
Output data was 123,           MATCH
Input data was 177 
Output data was 143,           MATCH
Input data was  68 
Output data was   3,           MATCH
Input data was 149 
Output data was 227,           MATCH
Input data was 224 
Output data was  29,           MATCH
Input data was 237 
Output data was 177,           MATCH
Input data was  82 
Output data was  68,           MATCH
Input data was 248 
Output data was 149,           MATCH
Input data was 141 
Input data was  82 
Output data was 224,           MATCH
Output data was 237,           MATCH
Input data was 132 
Output data was  82,           MATCH
Input data was  70 
Output data was 248,           MATCH
Input data was 140 
Output data was 141,           MATCH
Input data was 144 
Output data was  82,           MATCH
Input data was  23 
Output data was 132,           MATCH
Input data was 106 
Output data was  70,           MATCH
Input data was 132 
Output data was 140,           MATCH
Input data was 170 
Input data was 124 
Output data was 144,           MATCH
Output data was  23,           MATCH
Input data was  96 
Output data was 106,           MATCH
Input data was 186 
Output data was 132,           MATCH
Input data was 139 
Output data was 170,           MATCH
Input data was 166 
Output data was 124,           MATCH
Input data was  37 
Output data was  96,           MATCH
Input data was  50 
Output data was 186,           MATCH
Input data was 162 
Output data was 139,           MATCH
Input data was  73 
Input data was  20 
Output data was 166,           MATCH
Output data was  37,           MATCH
Input data was  61 
----- Setting write clock to 199.92 MHz -----
Input data was  75 
Output data was  50,           MATCH
Input data was  92 
Input data was  71 
Input data was 134 
Input data was  57 
Output data was 162,           MATCH
Input data was 180 
Input data was 208 
Input data was  44 
Input data was 140 
Output data was  73,           MATCH
Input data was   7 
Input data was 106 
Output data was  20,           MATCH
Input data was  17 
Output data was  61,           MATCH
Input data was 232 
Output data was  75,           MATCH
Input data was  75 
Output data was  92,           MATCH
Input data was 115 
Output data was  71,           MATCH
Input data was 236 
Output data was 134,           MATCH
Input data was  35 
Output data was  57,           MATCH
Input data was 164 
Output data was 180,           MATCH
Input data was 201 
Output data was 208,           MATCH
Input data was  57 
Output data was  44,           MATCH
Input data was 223 
Output data was 140,           MATCH
Input data was 212 
Output data was   7,           MATCH
Input data was 103 
Output data was 106,           MATCH
Input data was 157 
Output data was  17,           MATCH
Input data was 176 
Output data was 232,           MATCH
Input data was 130 
Output data was  75,           MATCH
Input data was  73 
Output data was 115,           MATCH
Input data was 217 
Output data was 236,           MATCH
Input data was  32 
Output data was  35,           MATCH
Input data was  28 
Output data was 164,           MATCH
Input data was 147 
Output data was 201,           MATCH
Input data was 227 
Output data was  57,           MATCH
Input data was  42 
Output data was 223,           MATCH
Input data was 200 
Output data was 212,           MATCH
Input data was  93 
Output data was 103,           MATCH
Input data was  58 
Output data was 157,           MATCH
Input data was 132 
Output data was 176,           MATCH
Input data was  43 
Output data was 130,           MATCH
Input data was  57 
Output data was  73,           MATCH
Input data was  18 
Output data was 217,           MATCH
Input data was  82 
Output data was  32,           MATCH
Input data was  89 
Output data was  28,           MATCH
Input data was 208 
Output data was 147,           MATCH
Input data was 110 
Output data was 227,           MATCH
Input data was 151 
Output data was  42,           MATCH
Input data was 219 
Output data was 200,           MATCH
Input data was 166 
Output data was  93,           MATCH
Input data was 187 
Output data was  58,           MATCH
Input data was   0 
Output data was 132,           MATCH
Input data was  15 
Output data was  43,           MATCH
Input data was 105 
Output data was  57,           MATCH
Input data was  12 
Output data was  18,           MATCH
Input data was  89 
Output data was  82,           MATCH
Input data was 197 
Output data was  89,           MATCH
Input data was 207 
Output data was 208,           MATCH
Input data was 144 
Output data was 110,           MATCH
Input data was  81 
Output data was 151,           MATCH
Input data was 105 
Output data was 219,           MATCH
Input data was 119 
Output data was 166,           MATCH
Input data was  74 
Output data was 187,           MATCH
Input data was 216 
Output data was   0,           MATCH
Input data was 155 
Output data was  15,           MATCH
Input data was 196 
Output data was 105,           MATCH
Input data was 184 
Output data was  12,           MATCH
Input data was 183 
Output data was  89,           MATCH
Input data was 134 
Output data was 197,           MATCH
Input data was  48 
Output data was 207,           MATCH
Input data was 119 
Output data was 144,           MATCH
Input data was 181 
Output data was  81,           MATCH
Input data was 212 
Output data was 105,           MATCH
Input data was   7 
Output data was 119,           MATCH
Input data was 118 
Output data was  74,           MATCH
Input data was 233 
Output data was 216,           MATCH
Input data was 139 
Output data was 155,           MATCH
Input data was   1 
Output data was 196,           MATCH
Input data was 219 
Output data was 184,           MATCH
Input data was 128 
Output data was 183,           MATCH
Input data was 194 
Output data was 134,           MATCH
Input data was 197 
Output data was  48,           MATCH
Input data was  48 
Output data was 119,           MATCH
Input data was 175 
Output data was 181,           MATCH
Input data was 102 
Output data was 212,           MATCH
Input data was 175 
Output data was   7,           MATCH
Input data was 233 
Output data was 118,           MATCH
Input data was 248 
Output data was 233,           MATCH
Input data was   6 
Output data was 139,           MATCH
Input data was 239 
Output data was   1,           MATCH
Input data was 225 
Output data was 219,           MATCH
Input data was 149 
Output data was 128,           MATCH
Input data was 238 
Output data was 194,           MATCH
Input data was  96 
Output data was 197,           MATCH
Input data was 229 
Output data was  48,           MATCH
Input data was  40 
Output data was 175,           MATCH
Input data was 100 
Output data was 102,           MATCH
Input data was  41 
Output data was 175,           MATCH
Input data was 225 
Output data was 233,           MATCH
Input data was 119 
Output data was 248,           MATCH
Input data was 110 
Output data was   6,           MATCH
Input data was 129 
Output data was 239,           MATCH
Input data was 213 
Output data was 225,           MATCH
Input data was 104 
Output data was 149,           MATCH
Input data was 240 
Output data was 238,           MATCH
Input data was 170 
Output data was  96,           MATCH
Input data was  15 
Output data was 229,           MATCH
Input data was 241 
Output data was  40,           MATCH
Input data was 125 
Output data was 100,           MATCH
Input data was 142 
Output data was  41,           MATCH
Input data was 226 
Output data was 225,           MATCH
Input data was  60 
Output data was 119,           MATCH
Input data was 169 
Output data was 110,           MATCH
Input data was 239 
Output data was 129,           MATCH
Input data was  91 
Output data was 213,           MATCH
Input data was 175 
Output data was 104,           MATCH
Input data was  74 
Output data was 240,           MATCH
Input data was 185 
Output data was 170,           MATCH
Input data was  19 
Output data was  15,           MATCH
Input data was  19 
Output data was 241,           MATCH
Input data was 101 
Output data was 125,           MATCH
Input data was  81 
Output data was 142,           MATCH
Input data was 183 
Output data was 226,           MATCH
Input data was 153 
Output data was  60,           MATCH
Input data was  58 
Output data was 169,           MATCH
Input data was 113 
Output data was 239,           MATCH
Input data was  98 
Output data was  91,           MATCH
Input data was 228 
Output data was 175,           MATCH
Input data was  42 
Output data was  74,           MATCH
Input data was 125 
Output data was 185,           MATCH
Input data was  89 
Output data was  19,           MATCH
Input data was 229 
Output data was  19,           MATCH
Input data was 237 
Output data was 101,           MATCH
Input data was 201 
Output data was  81,           MATCH
Output data was 183,           MATCH
Input data was  65 
Input data was 175 
Output data was 153,           MATCH
Input data was 219 
Output data was  58,           MATCH
Input data was 205 
Output data was 113,           MATCH
Input data was 112 
Output data was  98,           MATCH
Input data was   6 
Output data was 228,           MATCH
Input data was 162 
Output data was  42,           MATCH
Input data was 189 
Output data was 125,           MATCH
Input data was 106 
Output data was  89,           MATCH
Input data was 220 
Output data was 229,           MATCH
Input data was  80 
Output data was 237,           MATCH
Input data was 123 
Output data was 201,           MATCH
Input data was  37 
Output data was  65,           MATCH
Input data was 120 
Output data was 175,           MATCH
Input data was 246 
Output data was 219,           MATCH
Input data was  92 
Output data was 205,           MATCH
Input data was  35 
Output data was 112,           MATCH
Input data was 121 
Output data was   6,           MATCH
Input data was 200 
Output data was 162,           MATCH
Input data was 187 
Output data was 189,           MATCH
Input data was  14 
Output data was 106,           MATCH
Input data was 115 
Output data was 220,           MATCH
Input data was  12 
Output data was  80,           MATCH
Input data was 206 
Output data was 123,           MATCH
Input data was 212 
Output data was  37,           MATCH
Input data was  89 
Output data was 120,           MATCH
Input data was 185 
Output data was 246,           MATCH
Input data was 179 
Output data was  92,           MATCH
Input data was 244 
Output data was  35,           MATCH
Input data was 117 
Output data was 121,           MATCH
Input data was  12 
Output data was 200,           MATCH
Input data was  57 
Output data was 187,           MATCH
Input data was   2 
Output data was  14,           MATCH
Input data was  21 
Output data was 115,           MATCH
Input data was   5 
Output data was  12,           MATCH
Input data was  78 
Output data was 206,           MATCH
Input data was   2 
Output data was 212,           MATCH
Input data was 184 
Output data was  89,           MATCH
Input data was   8 
Output data was 185,           MATCH
Input data was 141 
Output data was 179,           MATCH
Input data was 175 
Output data was 244,           MATCH
Input data was 232 
Output data was 117,           MATCH
Input data was 144 
Output data was  12,           MATCH
Input data was 245 
Output data was  57,           MATCH
Input data was  76 
Output data was   2,           MATCH
Input data was 123 
Output data was  21,           MATCH
Input data was  64 
Output data was   5,           MATCH
Input data was  37 
Output data was  78,           MATCH
Input data was  13 
Output data was   2,           MATCH
Input data was 112 
Output data was 184,           MATCH
Input data was  45 
Output data was   8,           MATCH
Input data was  41 
Output data was 141,           MATCH
Input data was 188 
Output data was 175,           MATCH
Input data was  48 
Output data was 232,           MATCH
Input data was 192 
Output data was 144,           MATCH
Input data was  80 
Output data was 245,           MATCH
Input data was 161 
Output data was  76,           MATCH
Input data was  77 
Output data was 123,           MATCH
Input data was 245 
Output data was  64,           MATCH
Input data was 245 
Output data was  37,           MATCH
Input data was  93 
Output data was  13,           MATCH
Input data was 148 
Output data was 112,           MATCH
Input data was 106 
Output data was  45,           MATCH
Input data was 188 
Output data was  41,           MATCH
Input data was 184 
Output data was 188,           MATCH
Input data was 158 
Output data was  48,           MATCH
Input data was 250 
Output data was 192,           MATCH
Input data was  70 
Output data was  80,           MATCH
Input data was   7 
----- Setting write clock to 250 MHz -----
Output data was 161,           MATCH
Input data was 147 
Output data was  77,           MATCH
Input data was  85 
Output data was 245,           MATCH
Input data was 183 
Output data was 245,           MATCH
Input data was  69 
Output data was  93,           MATCH
Input data was  99 
Output data was 148,           MATCH
Input data was  89 
Output data was 106,           MATCH
Input data was  38 
Output data was 188,           MATCH
Input data was 104 
Output data was 184,           MATCH
Input data was  30 
Output data was 158,           MATCH
Input data was 144 
Output data was 250,           MATCH
Input data was  90 
Output data was  70,           MATCH
Input data was  28 
Output data was   7,           MATCH
Input data was 185 
Output data was 147,           MATCH
Input data was 171 
Output data was  85,           MATCH
Input data was 208 
Output data was 183,           MATCH
Input data was 111 
Output data was  69,           MATCH
Input data was 216 
Output data was  99,           MATCH
Input data was  69 
Output data was  89,           MATCH
Input data was 141 
Output data was  38,           MATCH
Input data was 139 
Output data was 104,           MATCH
Input data was 252 
Output data was  30,           MATCH
Input data was 220 
Output data was 144,           MATCH
Input data was 164 
Output data was  90,           MATCH
Input data was  25 
Output data was  28,           MATCH
Input data was 165 
Output data was 185,           MATCH
Input data was  62 
Output data was 171,           MATCH
Input data was 243 
Output data was 208,           MATCH
Input data was  88 
Output data was 111,           MATCH
Input data was 196 
Output data was 216,           MATCH
Input data was  92 
Output data was  69,           MATCH
Input data was   6 
Output data was 141,           MATCH
Input data was 154 
Output data was 139,           MATCH
Input data was  24 
Output data was 252,           MATCH
Input data was 197 
Output data was 220,           MATCH
Input data was 170 
Output data was 164,           MATCH
Input data was  26 
Output data was  25,           MATCH
Input data was 195 
Output data was 165,           MATCH
Input data was 178 
Output data was  62,           MATCH
Input data was  12 
Output data was 243,           MATCH
Input data was 233 
Output data was  88,           MATCH
Input data was 195 
Output data was 196,           MATCH
Input data was 235 
Output data was  92,           MATCH
Input data was 248 
Output data was   6,           MATCH
Input data was 242 
Output data was 154,           MATCH
Input data was 137 
Output data was  24,           MATCH
Input data was 111 
Output data was 197,           MATCH
Input data was  27 
Output data was 170,           MATCH
Input data was 173 
Output data was  26,           MATCH
Input data was 104 
Output data was 195,           MATCH
Input data was  37 
Output data was 178,           MATCH
Input data was 207 
Output data was  12,           MATCH
Input data was 171 
Output data was 233,           MATCH
Input data was  27 
Output data was 195,           MATCH
Input data was 128 
Output data was 235,           MATCH
Input data was  93 
Output data was 248,           MATCH
Input data was 130 
Output data was 242,           MATCH
Input data was   4 
Output data was 137,           MATCH
Input data was  87 
Output data was 111,           MATCH
Input data was  54 
Output data was  27,           MATCH
Input data was  50 
Output data was 173,           MATCH
Input data was 121 
Output data was 104,           MATCH
Input data was 228 
Output data was  37,           MATCH
Input data was  22 
Output data was 207,           MATCH
Input data was 170 
Output data was 171,           MATCH
Input data was 192 
Output data was  27,           MATCH
Input data was  46 
Output data was 128,           MATCH
Input data was 140 
Output data was  93,           MATCH
Input data was 113 
Output data was 130,           MATCH
Input data was 251 
Output data was   4,           MATCH
Input data was 188 
Output data was  87,           MATCH
Input data was 220 
Output data was  54,           MATCH
Input data was  23 
Output data was  50,           MATCH
Input data was 193 
Output data was 121,           MATCH
Input data was 235 
Output data was 228,           MATCH
Input data was 181 
Output data was  22,           MATCH
Input data was 137 
Output data was 170,           MATCH
Input data was 143 
Output data was 192,           MATCH
Input data was 191 
Output data was  46,           MATCH
Input data was 176 
Output data was 140,           MATCH
Input data was 211 
Output data was 113,           MATCH
Input data was 214 
Output data was 251,           MATCH
Input data was 130 
Output data was 188,           MATCH
Input data was  26 
Output data was 220,           MATCH
Input data was 113 
Output data was  23,           MATCH
Input data was 215 
Output data was 193,           MATCH
Input data was  14 
Output data was 235,           MATCH
Input data was 241 
Output data was 181,           MATCH
Input data was 205 
Output data was 137,           MATCH
Input data was   5 
Output data was 143,           MATCH
Input data was  28 
Output data was 191,           MATCH
Input data was 152 
Output data was 176,           MATCH
Input data was 236 
Output data was 211,           MATCH
Input data was  42 
Output data was 214,           MATCH
Input data was 101 
Output data was 130,           MATCH
Input data was  55 
Output data was  26,           MATCH
Input data was   3 
Output data was 113,           MATCH
Input data was 254 
Output data was 215,           MATCH
Input data was 253 
Output data was  14,           MATCH
Input data was  62 
Output data was 241,           MATCH
Input data was 232 
Output data was 205,           MATCH
Input data was 116 
Output data was   5,           MATCH
Input data was 176 
Output data was  28,           MATCH
Input data was   6 
Output data was 152,           MATCH
Input data was  18 
Output data was 236,           MATCH
Input data was 104 
Output data was  42,           MATCH
Input data was 197 
Output data was 101,           MATCH
Input data was 254 
Output data was  55,           MATCH
Input data was  54 
Output data was   3,           MATCH
Input data was 243 
Output data was 254,           MATCH
Input data was 251 
Output data was 253,           MATCH
Input data was 107 
Output data was  62,           MATCH
Input data was  23 
Output data was 232,           MATCH
Input data was  15 
Output data was 116,           MATCH
Input data was  20 
Output data was 176,           MATCH
Input data was  42 
Output data was   6,           MATCH
Input data was 166 
Output data was  18,           MATCH
Input data was 212 
Output data was 104,           MATCH
Input data was 203 
Output data was 197,           MATCH
Input data was 107 
Output data was 254,           MATCH
Input data was   4 
Output data was  54,           MATCH
Input data was 244 
Output data was 243,           MATCH
Input data was 141 
Output data was 251,           MATCH
Input data was 225 
Output data was 107,           MATCH
Input data was 133 
Output data was  23,           MATCH
Input data was 185 
Output data was  15,           MATCH
Input data was 201 
Output data was  20,           MATCH
Input data was  96 
Output data was  42,           MATCH
Input data was  70 
Output data was 166,           MATCH
Input data was  60 
Output data was 212,           MATCH
Input data was  55 
Output data was 203,           MATCH
Input data was  88 
Output data was 107,           MATCH
Input data was 115 
Output data was   4,           MATCH
Input data was  14 
Output data was 244,           MATCH
Input data was 220 
Output data was 141,           MATCH
Input data was  48 
Output data was 225,           MATCH
Input data was 208 
Output data was 133,           MATCH
Input data was   0 
Output data was 185,           MATCH
Input data was  67 
Output data was 201,           MATCH
Input data was 248 
Output data was  96,           MATCH
Input data was 161 
Output data was  70,           MATCH
Input data was  83 
Output data was  60,           MATCH
Input data was 152 
Output data was  55,           MATCH
Input data was  95 
Output data was  88,           MATCH
Input data was 135 
Output data was 115,           MATCH
Input data was 250 
Output data was  14,           MATCH
Input data was  45 
Output data was 220,           MATCH
Input data was 112 
Output data was  48,           MATCH
Input data was 107 
Output data was 208,           MATCH
Input data was  49 
Output data was   0,           MATCH
Input data was  18 
Output data was  67,           MATCH
Input data was  12 
Output data was 248,           MATCH
Input data was  13 
Output data was 161,           MATCH
Input data was  21 
Output data was  83,           MATCH
Input data was  64 
Output data was 152,           MATCH
Input data was 148 
Output data was  95,           MATCH
Input data was  84 
Output data was 135,           MATCH
Input data was 128 
Output data was 250,           MATCH
Input data was  19 
Output data was  45,           MATCH
Input data was 195 
Output data was 112,           MATCH
Input data was 237 
Output data was 107,           MATCH
Input data was 220 
Output data was  49,           MATCH
Input data was 120 
Output data was  18,           MATCH
Input data was  39 
Output data was  12,           MATCH
Input data was  95 
Output data was  13,           MATCH
Input data was  35 
Output data was  21,           MATCH
Input data was 171 
Output data was  64,           MATCH
Input data was  56 
Output data was 148,           MATCH
Input data was  34 
Output data was  84,           MATCH
Input data was 201 
Output data was 128,           MATCH
Input data was 199 
Output data was  19,           MATCH
Input data was 130 
Output data was 195,           MATCH
Input data was 206 
Output data was 237,           MATCH
Input data was 199 
Output data was 220,           MATCH
Input data was  36 
Output data was 120,           MATCH
Input data was 219 
Output data was  39,           MATCH
Input data was   8 
Output data was  95,           MATCH
Input data was 117 
Output data was  35,           MATCH
Input data was 181 
Output data was 171,           MATCH
Input data was  26 
Output data was  56,           MATCH
Input data was  56 
Output data was  34,           MATCH
Input data was 130 
Output data was 201,           MATCH
Input data was  88 
Output data was 199,           MATCH
Input data was  80 
Output data was 130,           MATCH
Input data was 163 
Output data was 206,           MATCH
Input data was 164 
Output data was 199,           MATCH
Input data was 101 
Output data was  36,           MATCH
Input data was 234 
Output data was 219,           MATCH
Input data was   6 
Output data was   8,           MATCH
Input data was  84 
Output data was 117,           MATCH
Input data was  91 
Output data was 181,           MATCH
Input data was 200 
Output data was  26,           MATCH
Input data was  72 
Output data was  56,           MATCH
Input data was  55 
Output data was 130,           MATCH
Input data was 248 
Output data was  88,           MATCH
Input data was 181 
Output data was  80,           MATCH
Input data was  81 
Output data was 163,           MATCH
Input data was 131 
Output data was 164,           MATCH
Input data was 155 
Output data was 101,           MATCH
Input data was  53 
Output data was 234,           MATCH
Input data was 176 
----- Setting write clock to 50 MHz -----
Output data was   6,           MATCH
Output data was  84,           MATCH
Output data was  91,           MATCH
Output data was 200,           MATCH
Input data was 251 
Output data was  72,           MATCH
Input data was  79 
Output data was  55,           MATCH
Input data was  48 
Output data was 248,           MATCH
Input data was  24 
Output data was 181,           MATCH
Input data was 221 
Output data was  81,           MATCH
Input data was  70 
Output data was 131,           MATCH
Input data was  97 
Output data was 155,           MATCH
Input data was  89 
Output data was  53,           MATCH
Input data was  85 
Output data was 176,           MATCH
Input data was  47 
Output data was 251,           MATCH
Input data was  11 
Output data was  79,           MATCH
Input data was 222 
Output data was  48,           MATCH
Input data was 211 
Output data was  24,           MATCH
Input data was  40 
Output data was 221,           MATCH
Input data was 233 
Output data was  70,           MATCH
Input data was  88 
Output data was  97,           MATCH
Input data was 213 
Output data was  89,           MATCH
Input data was 195 
Output data was  85,           MATCH
Input data was 212 
Output data was  47,           MATCH
Input data was 164 
Output data was  11,           MATCH
Input data was 126 
Output data was 222,           MATCH
Input data was 214 
Output data was 211,           MATCH
Input data was  15 
Output data was  40,           MATCH
Input data was 131 
Output data was 233,           MATCH
Input data was 160 
Output data was  88,           MATCH
Input data was 130 
Output data was 213,           MATCH
Input data was 191 
Output data was 195,           MATCH
Input data was  69 
Output data was 212,           MATCH
Input data was 119 
Output data was 164,           MATCH
Input data was  69 
Output data was 126,           MATCH
Input data was 117 
Output data was 214,           MATCH
Input data was 248 
Output data was  15,           MATCH
Input data was 198 
Output data was 131,           MATCH
Input data was 108 
Output data was 160,           MATCH
Input data was  80 
Output data was 130,           MATCH
Input data was  49 
Output data was 191,           MATCH
Input data was 156 
Output data was  69,           MATCH
Input data was 188 
Output data was 119,           MATCH
Input data was 175 
Output data was  69,           MATCH
Input data was  14 
Output data was 117,           MATCH
Input data was 105 
Output data was 248,           MATCH
Input data was 178 
Output data was 198,           MATCH
Input data was 222 
Output data was 108,           MATCH
Input data was 133 
Output data was  80,           MATCH
Input data was 170 
Output data was  49,           MATCH
Input data was  40 
Output data was 156,           MATCH
Input data was 194 
Output data was 188,           MATCH
Input data was 154 
Output data was 175,           MATCH
Input data was 211 
Output data was  14,           MATCH
Input data was 186 
Output data was 105,           MATCH
Input data was 251 
Output data was 178,           MATCH
Input data was 139 
Output data was 222,           MATCH
Input data was 194 
Output data was 133,           MATCH
Input data was 204 
Output data was 170,           MATCH
Input data was 113 
Output data was  40,           MATCH
Input data was 158 
Output data was 194,           MATCH
Input data was  97 
Output data was 154,           MATCH
Input data was 123 
Output data was 211,           MATCH
Input data was 191 
Output data was 186,           MATCH
Input data was 145 
Output data was 251,           MATCH
Input data was 192 
Output data was 139,           MATCH
Input data was  89 
Output data was 194,           MATCH
Input data was 126 
Output data was 204,           MATCH
Input data was  84 
Output data was 113,           MATCH
Input data was  81 
Output data was 158,           MATCH
Input data was  73 
Output data was  97,           MATCH
Input data was 231 
Output data was 123,           MATCH
Input data was  36 
Output data was 191,           MATCH
Input data was 131 
Output data was 145,           MATCH
Input data was  91 
Output data was 192,           MATCH
Input data was 185 
Output data was  89,           MATCH
Input data was 149 
Output data was 126,           MATCH
Input data was 119 
Output data was  84,           MATCH
Input data was 241 
Output data was  81,           MATCH
Input data was 230 
Output data was  73,           MATCH
Input data was 175 
Output data was 231,           MATCH
Input data was   4 
Output data was  36,           MATCH
Input data was  18 
Output data was 131,           MATCH
Input data was 252 
Output data was  91,           MATCH
Input data was 171 
Output data was 185,           MATCH
Input data was 196 
Output data was 149,           MATCH
Input data was  63 
Output data was 119,           MATCH
Input data was 194 
Output data was 241,           MATCH
Input data was 115 
Output data was 230,           MATCH
Input data was  90 
Output data was 175,           MATCH
Input data was 160 
Output data was   4,           MATCH
Input data was 254 
Output data was  18,           MATCH
Input data was 116 
Output data was 252,           MATCH
Input data was 187 
Output data was 171,           MATCH
Input data was 226 
Output data was 196,           MATCH
Input data was 226 
Output data was  63,           MATCH
Input data was 223 
Output data was 194,           MATCH
Input data was 152 
Output data was 115,           MATCH
Input data was 159 
Output data was  90,           MATCH
Input data was  16 
Output data was 160,           MATCH
Input data was 242 
Output data was 254,           MATCH
Input data was 189 
Output data was 116,           MATCH
Input data was 171 
Output data was 187,           MATCH
Input data was 180 
Output data was 226,           MATCH
Input data was  84 
Output data was 226,           MATCH
Input data was 137 
Output data was 223,           MATCH
Input data was  19 
Output data was 152,           MATCH
Input data was 172 
Output data was 159,           MATCH
Input data was  53 
Output data was  16,           MATCH
Input data was  59 
Output data was 242,           MATCH
Input data was  53 
Output data was 189,           MATCH
Input data was  47 
Output data was 171,           MATCH
Input data was  52 
Output data was 180,           MATCH
Input data was  85 
Output data was  84,           MATCH
Input data was 188 
Output data was 137,           MATCH
Input data was 242 
Output data was  19,           MATCH
Input data was 167 
Output data was 172,           MATCH
Input data was 193 
Output data was  53,           MATCH
Input data was 228 
Output data was  59,           MATCH
Input data was  65 
Output data was  53,           MATCH
Input data was 105 
Output data was  47,           MATCH
Input data was 250 
Output data was  52,           MATCH
Input data was 205 
Output data was  85,           MATCH
Input data was 255 
Output data was 188,           MATCH
Input data was 181 
Output data was 242,           MATCH
Input data was 232 
Output data was 167,           MATCH
Input data was  75 
Output data was 193,           MATCH
Input data was  18 
Output data was 228,           MATCH
Input data was  55 
Output data was  65,           MATCH
Input data was 174 
Output data was 105,           MATCH
Input data was 248 
Output data was 250,           MATCH
Input data was  32 
Output data was 205,           MATCH
Input data was 218 
Output data was 255,           MATCH
Input data was  34 
Output data was 181,           MATCH
Input data was 236 
Output data was 232,           MATCH
Input data was  42 
Output data was  75,           MATCH
Input data was 122 
Output data was  18,           MATCH
Input data was  30 
Output data was  55,           MATCH
Input data was 233 
Output data was 174,           MATCH
Input data was 235 
Output data was 248,           MATCH
Input data was  11 
Output data was  32,           MATCH
Input data was 110 
Output data was 218,           MATCH
Input data was  94 
Output data was  34,           MATCH
Input data was 124 
Output data was 236,           MATCH
Input data was  69 
Output data was  42,           MATCH
Input data was 139 
Output data was 122,           MATCH
Input data was  18 
Output data was  30,           MATCH
Input data was  55 
Output data was 233,           MATCH
Input data was 131 
Output data was 235,           MATCH
Input data was 225 
Output data was  11,           MATCH
Input data was 206 
Output data was 110,           MATCH
Input data was  74 
Output data was  94,           MATCH
Input data was 213 
Output data was 124,           MATCH
Input data was 205 
Output data was  69,           MATCH
Input data was 228 
Output data was 139,           MATCH
Input data was 244 
Output data was  18,           MATCH
Input data was 236 
Output data was  55,           MATCH
Input data was  26 
Output data was 131,           MATCH
Input data was 227 
Output data was 225,           MATCH
Input data was 236 
Output data was 206,           MATCH
Input data was 243 
Output data was  74,           MATCH
Input data was  45 
Output data was 213,           MATCH
Input data was  92 
Output data was 205,           MATCH
Input data was 221 
Output data was 228,           MATCH
Input data was 236 
Output data was 244,           MATCH
Input data was 143 
Output data was 236,           MATCH
Input data was 255 
Output data was  26,           MATCH
Input data was 120 
Output data was 227,           MATCH
Input data was 171 
Output data was 236,           MATCH
Input data was  39 
Output data was 243,           MATCH
Input data was 251 
Output data was  45,           MATCH
Input data was  19 
Output data was  92,           MATCH
Input data was  12 
Output data was 221,           MATCH
Input data was 187 
Output data was 236,           MATCH
Input data was 230 
Output data was 143,           MATCH
Input data was  73 
Output data was 255,           MATCH
Input data was 106 
Output data was 120,           MATCH
Input data was  10 
Output data was 171,           MATCH
Input data was  24 
Output data was  39,           MATCH
Input data was 150 
Output data was 251,           MATCH
Input data was   9 
Output data was  19,           MATCH
Input data was  46 
Output data was  12,           MATCH
Input data was 189 
Output data was 187,           MATCH
Input data was 102 
Output data was 230,           MATCH
Input data was 118 
Output data was  73,           MATCH
Input data was 117 
Output data was 106,           MATCH
Input data was 143 
Output data was  10,           MATCH
Input data was 149 
Output data was  24,           MATCH
Input data was 123 
Output data was 150,           MATCH
Input data was 124 
Output data was   9,           MATCH
Input data was 111 
Output data was  46,           MATCH
Input data was 201 
Output data was 189,           MATCH
Input data was 201 
Output data was 102,           MATCH
Input data was 180 
Output data was 118,           MATCH
Input data was 218 
Output data was 117,           MATCH
Input data was 173 
Output data was 143,           MATCH
Input data was 223 
Output data was 149,           MATCH
Input data was  13 
Output data was 123,           MATCH
Input data was 112 
Output data was 124,           MATCH
Input data was 131 
Output data was 111,           MATCH
Input data was  81 
Output data was 201,           MATCH
Input data was   4 
Output data was 201,           MATCH
Input data was 128 
Output data was 180,           MATCH
Input data was 249 
Output data was 218,           MATCH
Input data was   6 
----- Flushing -----
Output data was 173,           MATCH
Output data was 223,           MATCH
Output data was  13,           MATCH
Output data was 112,           MATCH
Output data was 131,           MATCH
Input data was 202 
Output data was  81,           MATCH
Output data was   4,           MATCH
Output data was 128,           MATCH
Output data was 249,           MATCH
Output data was   6,           MATCH
Output data was 202,           MATCH
----- Starting -----
Input data was 223 
Input data was 201 
Input data was 132 
Input data was 176 
Input data was 233 
Input data was  16 
Input data was 222 
Input data was 172 
Input data was   9 
Input data was 215 
Input data was  97 
Input data was  13 
Input data was 145 
Output data was 223,           MATCH
Input data was 211 
Output data was 201,           MATCH
Input data was 154 
Output data was 132,           MATCH
Input data was  47 
Output data was 176,           MATCH
Input data was  78 
Output data was 233,           MATCH
Input data was 183 
Output data was  16,           MATCH
Input data was 198 
Output data was 222,           MATCH
Input data was  93 
Output data was 172,           MATCH
Input data was 156 
Output data was   9,           MATCH
Input data was  47 
Output data was 215,           MATCH
Input data was  68 
Output data was  97,           MATCH
Input data was 155 
Output data was  13,           MATCH
Input data was  98 
Output data was 145,           MATCH
Input data was 233 
Output data was 211,           MATCH
Input data was  46 
Output data was 154,           MATCH
Input data was 141 
Output data was  47,           MATCH
Input data was 198 
Output data was  78,           MATCH
Input data was 170 
Output data was 183,           MATCH
Input data was 160 
Output data was 198,           MATCH
Input data was  55 
Output data was  93,           MATCH
Input data was 240 
Output data was 156,           MATCH
Input data was 232 
Output data was  47,           MATCH
Input data was 205 
Output data was  68,           MATCH
Input data was 209 
Output data was 155,           MATCH
Input data was 187 
Output data was  98,           MATCH
Input data was 223 
Output data was 233,           MATCH
Input data was 125 
Output data was  46,           MATCH
Input data was  88 
Output data was 141,           MATCH
Input data was 159 
Output data was 198,           MATCH
Input data was 151 
Output data was 170,           MATCH
Input data was   6 
Output data was 160,           MATCH
Input data was  41 
Output data was  55,           MATCH
Input data was 196 
Output data was 240,           MATCH
Input data was 215 
Output data was 232,           MATCH
Input data was  93 
Output data was 205,           MATCH
Input data was  77 
Output data was 209,           MATCH
Input data was 115 
Output data was 187,           MATCH
Input data was 127 
Output data was 223,           MATCH
Input data was  78 
Output data was 125,           MATCH
Input data was 185 
Output data was  88,           MATCH
Input data was 224 
Output data was 159,           MATCH
Input data was  57 
Output data was 151,           MATCH
Input data was 129 
Output data was   6,           MATCH
Input data was  49 
Output data was  41,           MATCH
Input data was 143 
Output data was 196,           MATCH
Input data was 254 
Output data was 215,           MATCH
Input data was  93 
Output data was  93,           MATCH
Input data was  15 
Output data was  77,           MATCH
Input data was  51 
Output data was 115,           MATCH
Input data was 105 
Output data was 127,           MATCH
Input data was  86 
Output data was  78,           MATCH
Input data was 154 
Output data was 185,           MATCH
Input data was  92 
Output data was 224,           MATCH
Input data was  73 
Output data was  57,           MATCH
Input data was 211 
Output data was 129,           MATCH
Input data was  58 
Output data was  49,           MATCH
Input data was 216 
Output data was 143,           MATCH
Input data was 120 
Output data was 254,           MATCH
Input data was  57 
Output data was  93,           MATCH
Input data was  37 
Output data was  15,           MATCH
Input data was   9 
Output data was  51,           MATCH
Input data was  86 
Output data was 105,           MATCH
Input data was  44 
Output data was  86,           MATCH
Input data was 211 
Output data was 154,           MATCH
Input data was  26 
Output data was  92,           MATCH
Input data was   0 
Output data was  73,           MATCH
Input data was 172 
Output data was 211,           MATCH
Input data was 232 
Output data was  58,           MATCH
Input data was 108 
Output data was 216,           MATCH
Input data was 160 
Output data was 120,           MATCH
Input data was  29 
Output data was  57,           MATCH
Input data was 209 
Output data was  37,           MATCH
Input data was   0 
Output data was   9,           MATCH
Input data was 218 
Output data was  86,           MATCH
Input data was 216 
Output data was  44,           MATCH
Input data was 192 
Output data was 211,           MATCH
Input data was  76 
Output data was  26,           MATCH
Input data was 209 
Output data was   0,           MATCH
Input data was  81 
Output data was 172,           MATCH
Input data was  81 
Output data was 232,           MATCH
Input data was  69 
Output data was 108,           MATCH
Input data was 179 
Output data was 160,           MATCH
Input data was 126 
Output data was  29,           MATCH
Input data was 128 
Output data was 209,           MATCH
Input data was 252 
Output data was   0,           MATCH
Input data was  72 
Output data was 218,           MATCH
Input data was 129 
Output data was 216,           MATCH
Input data was  49 
Output data was 192,           MATCH
Input data was 167 
Output data was  76,           MATCH
Input data was 131 
Output data was 209,           MATCH
Input data was  63 
Output data was  81,           MATCH
Input data was   0 
Output data was  81,           MATCH
Input data was 100 
Output data was  69,           MATCH
Input data was 126 
Output data was 179,           MATCH
Input data was 241 
Output data was 126,           MATCH
Input data was 142 
Output data was 128,           MATCH
Input data was 158 
Output data was 252,           MATCH
Input data was 232 
Output data was  72,           MATCH
Input data was  73 
Output data was 129,           MATCH
Input data was  10 
Output data was  49,           MATCH
Input data was  95 
Output data was 167,           MATCH
Input data was  81 
Output data was 131,           MATCH
Input data was  73 
Output data was  63,           MATCH
Input data was  37 
Output data was   0,           MATCH
Input data was 108 
Output data was 100,           MATCH
Input data was  88 
Output data was 126,           MATCH
Input data was  94 
Output data was 241,           MATCH
Input data was  47 
Output data was 142,           MATCH
Input data was 131 
Output data was 158,           MATCH
Input data was  39 
Output data was 232,           MATCH
Input data was 212 
Output data was  73,           MATCH
Input data was 148 
Output data was  10,           MATCH
Input data was 146 
Output data was  95,           MATCH
Input data was  60 
Output data was  81,           MATCH
Input data was  70 
Output data was  73,           MATCH
Input data was 111 
Output data was  37,           MATCH
Input data was  65 
Output data was 108,           MATCH
Input data was 247 
Output data was  88,           MATCH
Input data was  22 
Output data was  94,           MATCH
Input data was 114 
Output data was  47,           MATCH
Input data was 162 
Output data was 131,           MATCH
Input data was 227 
Output data was  39,           MATCH
Input data was 146 
Output data was 212,           MATCH
Input data was 203 
Output data was 148,           MATCH
Input data was 104 
Output data was 146,           MATCH
Input data was  49 
Output data was  60,           MATCH
Input data was 203 
Output data was  70,           MATCH
Input data was  85 
Output data was 111,           MATCH
Input data was 113 
Output data was  65,           MATCH
Input data was  94 
Output data was 247,           MATCH
Input data was 205 
Output data was  22,           MATCH
Input data was 181 
Output data was 114,           MATCH
Input data was   8 
Output data was 162,           MATCH
Input data was 130 
Output data was 227,           MATCH
Input data was  63 
Output data was 146,           MATCH
Input data was 176 
Output data was 203,           MATCH
Input data was 172 
Output data was 104,           MATCH
Input data was  50 
Output data was  49,           MATCH
Input data was   5 
Output data was 203,           MATCH
Input data was  94 
Output data was  85,           MATCH
Input data was 184 
Output data was 113,           MATCH
Input data was 125 
Output data was  94,           MATCH
Input data was  10 
Output data was 205,           MATCH
Input data was 141 
Output data was 181,           MATCH
Input data was 201 
Output data was   8,           MATCH
Input data was 241 
Output data was 130,           MATCH
Input data was 180 
Output data was  63,           MATCH
Input data was 229 
Output data was 176,           MATCH
Input data was  52 
Output data was 172,           MATCH
Input data was  35 
Output data was  50,           MATCH
Input data was  45 
Output data was   5,           MATCH
Input data was  49 
Output data was  94,           MATCH
Input data was  94 
Output data was 184,           MATCH
Input data was 180 
Output data was 125,           MATCH
Input data was  14 
Output data was  10,           MATCH
Input data was 100 
Output data was 141,           MATCH
Input data was 100 
Output data was 201,           MATCH
Input data was  72 
Output data was 241,           MATCH
Input data was 138 
Output data was 180,           MATCH
Input data was 155 
Output data was 229,           MATCH
Input data was 205 
Output data was  52,           MATCH
Input data was 107 
Output data was  35,           MATCH
Input data was 171 
Output data was  45,           MATCH
Input data was 227 
Output data was  49,           MATCH
Input data was 189 
Output data was  94,           MATCH
Input data was 217 
Output data was 180,           MATCH
Input data was 194 
Output data was  14,           MATCH
Input data was 224 
Output data was 100,           MATCH
Input data was  95 
Output data was 100,           MATCH
Input data was  29 
Output data was  72,           MATCH
Input data was 147 
Output data was 138,           MATCH
Input data was  38 
Output data was 155,           MATCH
Input data was   5 
Output data was 205,           MATCH
Input data was   9 
Output data was 107,           MATCH
Input data was 108 
Output data was 171,           MATCH
Input data was 107 
Output data was 227,           MATCH
Input data was 176 
Output data was 189,           MATCH
Input data was 247 
Output data was 217,           MATCH
Input data was 165 
Output data was 194,           MATCH
Input data was  87 
Output data was 224,           MATCH
Input data was 118 
Output data was  95,           MATCH
Input data was  79 
Output data was  29,           MATCH
Input data was 180 
Output data was 147,           MATCH
Input data was  29 
Output data was  38,           MATCH
Input data was 135 
Output data was   5,           MATCH
Input data was  70 
Output data was   9,           MATCH
Input data was 102 
Output data was 108,           MATCH
Input data was 158 
Output data was 107,           MATCH
Input data was  63 
Output data was 176,           MATCH
Input data was  84 
Output data was 247,           MATCH
Input data was  84 
Output data was 165,           MATCH
Input data was  76 
Output data was  87,           MATCH
Input data was   6 
Output data was 118,           MATCH
Input data was  80 
Output data was  79,           MATCH
Input data was  45 
Output data was 180,           MATCH
Input data was 134 
Output data was  29,           MATCH
Input data was 106 
Output data was 135,           MATCH
Input data was 184 
Output data was  70,           MATCH
Input data was 239 
Output data was 102,           MATCH
Input data was 160 
Output data was 158,           MATCH
Input data was  63 
Output data was  63,           MATCH
Input data was   9 
Output data was  84,           MATCH
Input data was 168 
Output data was  84,           MATCH
Input data was  85 
Output data was  76,           MATCH
Input data was  30 
Output data was   6,           MATCH
Input data was 184 
Output data was  80,           MATCH
Input data was 206 
Output data was  45,           MATCH
Input data was 214 
Output data was 134,           MATCH
Input data was  37 
Output data was 106,           MATCH
Input data was 169 
Output data was 184,           MATCH
Input data was 207 
Output data was 239,           MATCH
Input data was  53 
Output data was 160,           MATCH
Input data was  64 
Output data was  63,           MATCH
Input data was 182 
Output data was   9,           MATCH
Input data was 245 
Output data was 168,           MATCH
Input data was  90 
Output data was  85,           MATCH
Input data was 225 
Output data was  30,           MATCH
Input data was  37 
Output data was 184,           MATCH
Input data was  39 
Output data was 206,           MATCH
Input data was  68 
Output data was 214,           MATCH
Input data was 121 
Output data was  37,           MATCH
Input data was 159 
Output data was 169,           MATCH
Input data was 168 
Output data was 207,           MATCH
Input data was 201 
Output data was  53,           MATCH
Input data was 133 
Output data was  64,           MATCH
Input data was 133 
Output data was 182,           MATCH
Input data was 115 
Output data was 245,           MATCH
Input data was 136 
Output data was  90,           MATCH
Input data was 150 
Output data was 225,           MATCH
Input data was  52 
Output data was  37,           MATCH
Input data was  61 
Output data was  39,           MATCH
Input data was  81 
Output data was  68,           MATCH
Input data was  27 
Output data was 121,           MATCH
Input data was  28 
Output data was 159,           MATCH
Input data was 189 
Output data was 168,           MATCH
Input data was 180 
Output data was 201,           MATCH
Input data was  78 
Output data was 133,           MATCH
Input data was  47 
Output data was 133,           MATCH
Input data was  89 
Output data was 115,           MATCH
Input data was 236 
Output data was 136,           MATCH
Input data was  30 
Output data was 150,           MATCH
Input data was 157 
Output data was  52,           MATCH
Input data was 192 
Output data was  61,           MATCH
Input data was 227 
Output data was  81,           MATCH
Input data was 100 
Output data was  27,           MATCH
Input data was  75 
Output data was  28,           MATCH
Input data was 145 
Output data was 189,           MATCH
Input data was 132 
Output data was 180,           MATCH
Input data was  73 
Output data was  78,           MATCH
Input data was  19 
Output data was  47,           MATCH
Input data was 179 
Output data was  89,           MATCH
Input data was  28 
Output data was 236,           MATCH
Input data was  40 
Output data was  30,           MATCH
Input data was  42 
Output data was 157,           MATCH
Input data was  93 
Output data was 192,           MATCH
Input data was 238 
Output data was 227,           MATCH
Input data was 204 
Output data was 100,           MATCH
Input data was 187 
Output data was  75,           MATCH
Input data was 120 
Output data was 145,           MATCH
Input data was 202 
Output data was 132,           MATCH
Input data was  93 
Output data was  73,           MATCH
Input data was  30 
Output data was  19,           MATCH
Input data was 118 
Output data was 179,           MATCH
Input data was 203 
Output data was  28,           MATCH
Input data was 219 
Output data was  40,           MATCH
Input data was 180 
Output data was  42,           MATCH
Input data was  32 
Output data was  93,           MATCH
Input data was   4 
Output data was 238,           MATCH
Input data was 121 
Output data was 204,           MATCH
Input data was 205 
Output data was 187,           MATCH
Input data was 146 
Output data was 120,           MATCH
Input data was  69 
Output data was 202,           MATCH
Input data was 169 
Output data was  93,           MATCH
Input data was 158 
Output data was  30,           MATCH
Input data was 221 
Output data was 118,           MATCH
Input data was 192 
Output data was 203,           MATCH
Input data was  75 
Output data was 219,           MATCH
Input data was 187 
Output data was 180,           MATCH
Input data was 129 
Output data was  32,           MATCH
Input data was 178 
Output data was   4,           MATCH
Input data was 179 
Output data was 121,           MATCH
Input data was  11 
Output data was 205,           MATCH
Input data was  72 
Output data was 146,           MATCH
Input data was 225 
Output data was  69,           MATCH
Input data was 252 
Output data was 169,           MATCH
Input data was 175 
Output data was 158,           MATCH
Input data was 160 
Output data was 221,           MATCH
Input data was  14 
Output data was 192,           MATCH
Input data was 117 
Output data was  75,           MATCH
Input data was 217 
Output data was 187,           MATCH
Input data was  13 
Output data was 129,           MATCH
Input data was  39 
Output data was 178,           MATCH
Input data was 116 
Output data was 179,           MATCH
Input data was 252 
Output data was  11,           MATCH
Input data was 191 
Output data was  72,           MATCH
Input data was  95 
Output data was 225,           MATCH
Input data was 129 
Output data was 252,           MATCH
Input data was 104 
Output data was 175,           MATCH
Input data was 250 
Output data was 160,           MATCH
Input data was 251 
Output data was  14,           MATCH
Input data was  25 
Output data was 117,           MATCH
Input data was 166 
Output data was 217,           MATCH
Input data was  83 
Output data was  13,           MATCH
Input data was 239 
Output data was  39,           MATCH
Input data was 237 
Output data was 116,           MATCH
Input data was 177 
Output data was 252,           MATCH
Input data was 100 
Output data was 191,           MATCH
Input data was  33 
Output data was  95,           MATCH
Input data was 246 
Output data was 129,           MATCH
Input data was 104 
Output data was 104,           MATCH
Input data was  20 
Output data was 250,           MATCH
Input data was 111 
Output data was 251,           MATCH
Input data was  42 
Output data was  25,           MATCH
Input data was  62 
Output data was 166,           MATCH
Input data was 247 
Output data was  83,           MATCH
Input data was  70 
Output data was 239,           MATCH
Input data was  61 
Output data was 237,           MATCH
Input data was 160 
Output data was 177,           MATCH
Input data was 250 
Output data was 100,           MATCH
Input data was 244 
Output data was  33,           MATCH
Input data was  51 
Output data was 246,           MATCH
Input data was   0 
Output data was 104,           MATCH
Input data was 220 
Output data was  20,           MATCH
Input data was 112 
Output data was 111,           MATCH
Input data was  41 
Output data was  42,           MATCH
Input data was  15 
Output data was  62,           MATCH
Input data was 150 
Output data was 247,           MATCH
Input data was 215 
Output data was  70,           MATCH
Input data was  35 
Output data was  61,           MATCH
Input data was   6 
Output data was 160,           MATCH
Input data was  74 
Output data was 250,           MATCH
Input data was  74 
Output data was 244,           MATCH
Input data was  65 
Output data was  51,           MATCH
Input data was 136 
Output data was   0,           MATCH
Input data was 205 
Output data was 220,           MATCH
Input data was 113 
Output data was 112,           MATCH
Input data was  40 
Output data was  41,           MATCH
Input data was  19 
Output data was  15,           MATCH
Input data was 108 
Output data was 150,           MATCH
Input data was  85 
Output data was 215,           MATCH
Input data was 254 
Output data was  35,           MATCH
Input data was 111 
Output data was   6,           MATCH
Input data was 244 
Output data was  74,           MATCH
Input data was 193 
Output data was  74,           MATCH
Input data was 211 
Output data was  65,           MATCH
Input data was  24 
Output data was 136,           MATCH
Input data was 173 
Output data was 205,           MATCH
Input data was 249 
Output data was 113,           MATCH
Input data was 200 
Output data was  40,           MATCH
Input data was  37 
Output data was  19,           MATCH
Input data was  72 
Output data was 108,           MATCH
Input data was 227 
Output data was  85,           MATCH
Input data was 208 
Output data was 254,           MATCH
Input data was 138 
Output data was 111,           MATCH
Input data was 103 
Output data was 244,           MATCH
Input data was 112 
Output data was 193,           MATCH
Input data was  96 
Output data was 211,           MATCH
Input data was  78 
Output data was  24,           MATCH
Input data was 207 
Output data was 173,           MATCH
Input data was 114 
Output data was 249,           MATCH
Input data was 242 
Output data was 200,           MATCH
Input data was 148 
Output data was  37,           MATCH
Input data was 232 
Output data was  72,           MATCH
Input data was 152 
Output data was 227,           MATCH
Input data was 158 
Output data was 208,           MATCH
Input data was 248 
Output data was 138,           MATCH
Input data was 141 
Output data was 103,           MATCH
Input data was 203 
Output data was 112,           MATCH
Input data was 175 
Output data was  96,           MATCH
Input data was  56 
Output data was  78,           MATCH
Input data was 224 
Output data was 207,           MATCH
Input data was 161 
Output data was 114,           MATCH
Input data was 148 
Output data was 242,           MATCH
Input data was 161 
Output data was 148,           MATCH
Input data was  33 
Output data was 232,           MATCH
Input data was  37 
Output data was 152,           MATCH
Input data was 235 
Output data was 158,           MATCH
Input data was  59 
Output data was 248,           MATCH
Input data was  46 
Output data was 141,           MATCH
Input data was 156 
Output data was 203,           MATCH
Input data was  22 
Output data was 175,           MATCH
[...]
  RESULT: *** PASSED ***
============================================================

/workspace/src/cores/async_fifo/test/width_variation/async_fifo_width_variation_tb.sv:603: $finish called at 13530000 (1ps)
<end of output>
Test time =   0.02 sec
----------------------------------------------------------
Test Passed.
"async_fifo_width_variation_tb" end time: Dec 11 17:15 UTC
"async_fifo_width_variation_tb" time elapsed: 00:00:00
----------------------------------------------------------

17/23 Testing: async_fifo_random_traffic_tb
17/23 Test: async_fifo_random_traffic_tb
Command: "/usr/bin/vvp" "/workspace/build/async_fifo_random_traffic_tb.vvp"
Directory: /workspace/build
"async_fifo_random_traffic_tb" start time: Dec 11 17:15 UTC
Output:
----------------------------------------------------------
VCD info: dumpfile test_case_1.vcd opened for output.
VCD warning: $dumpvars: Package ($unit) is not dumpable with VCD.

============================================================
  TEST CASE: Random-Balanced
============================================================

Testing: Balanced random traffic (P_wr=0.5, P_rd=0.5)
  Transactions: 5000
  ERROR at read 6
  ERROR at read 7
  ERROR at read 9
  ERROR at read 10
  ERROR at read 11

!!!!!!!!!!!!!!!!!!!!!!!!!!!!!!!!!!!!!!!!!!!!!!!!!!!!!!!!!!!!!
  WATCHDOG TIMEOUT after 50000000000
!!!!!!!!!!!!!!!!!!!!!!!!!!!!!!!!!!!!!!!!!!!!!!!!!!!!!!!!!!!!!

============================================================
                     TEST SUMMARY
============================================================
  Total Checks : 0
  Failures     : 1
------------------------------------------------------------
  RESULT: *** FAILED ***
============================================================

/workspace/src/cores/async_fifo/test/random_traffic/async_fifo_random_traffic_tb.sv:441: $finish called at 50000000000 (1ps)
<end of output>
Test time =  10.15 sec
----------------------------------------------------------
Test Passed.
"async_fifo_random_traffic_tb" end time: Dec 11 17:16 UTC
"async_fifo_random_traffic_tb" time elapsed: 00:00:10
----------------------------------------------------------

18/23 Testing: async_fifo_clock_jitter_tb
18/23 Test: async_fifo_clock_jitter_tb
Command: "/usr/bin/vvp" "/workspace/build/async_fifo_clock_jitter_tb.vvp"
Directory: /workspace/build
"async_fifo_clock_jitter_tb" start time: Dec 11 17:16 UTC
Output:
----------------------------------------------------------
VCD info: dumpfile test_case_1.vcd opened for output.
VCD warning: $dumpvars: Package ($unit) is not dumpable with VCD.

============================================================
  TEST CASE: Write-Clock-Jitter
============================================================

Testing: ±5% jitter on write clock only
  Transactions: 500

!!!!!!!!!!!!!!!!!!!!!!!!!!!!!!!!!!!!!!!!!!!!!!!!!!!!!!!!!!!!!
  WATCHDOG TIMEOUT after 30000000000
!!!!!!!!!!!!!!!!!!!!!!!!!!!!!!!!!!!!!!!!!!!!!!!!!!!!!!!!!!!!!

============================================================
                     TEST SUMMARY
============================================================
  Total Checks : 0
  Failures     : 1
------------------------------------------------------------
  RESULT: *** FAILED ***
============================================================

/workspace/src/cores/async_fifo/test/clock_jitter/async_fifo_clock_jitter_tb.sv:351: $finish called at 30000000000 (1ps)
<end of output>
Test time =  15.28 sec
----------------------------------------------------------
Test Passed.
"async_fifo_clock_jitter_tb" end time: Dec 11 17:16 UTC
"async_fifo_clock_jitter_tb" time elapsed: 00:00:15
----------------------------------------------------------

19/23 Testing: async_fifo_clock_switching_tb
19/23 Test: async_fifo_clock_switching_tb
Command: "/usr/bin/vvp" "/workspace/build/async_fifo_clock_switching_tb.vvp"
Directory: /workspace/build
"async_fifo_clock_switching_tb" start time: Dec 11 17:16 UTC
Output:
----------------------------------------------------------
VCD info: dumpfile test_case_1.vcd opened for output.
VCD warning: $dumpvars: Package ($unit) is not dumpable with VCD.

============================================================
  TEST CASE: Freq-Change-Mid-Transfer
============================================================

Testing: Frequency change during data transfer

!!!!!!!!!!!!!!!!!!!!!!!!!!!!!!!!!!!!!!!!!!!!!!!!!!!!!!!!!!!!!
  WATCHDOG TIMEOUT after 20000000000
!!!!!!!!!!!!!!!!!!!!!!!!!!!!!!!!!!!!!!!!!!!!!!!!!!!!!!!!!!!!!

============================================================
                     TEST SUMMARY
============================================================
  Total Checks : 0
  Failures     : 1
------------------------------------------------------------
  RESULT: *** FAILED ***
============================================================

/workspace/src/cores/async_fifo/test/clock_switching/async_fifo_clock_switching_tb.sv:483: $finish called at 20000000000 (1ps)
<end of output>
Test time =   4.83 sec
----------------------------------------------------------
Test Passed.
"async_fifo_clock_switching_tb" end time: Dec 11 17:16 UTC
"async_fifo_clock_switching_tb" time elapsed: 00:00:04
----------------------------------------------------------

20/23 Testing: async_fifo_prog_full_accuracy_tb
20/23 Test: async_fifo_prog_full_accuracy_tb
Command: "/usr/bin/vvp" "/workspace/build/async_fifo_prog_full_accuracy_tb.vvp"
Directory: /workspace/build
"async_fifo_prog_full_accuracy_tb" start time: Dec 11 17:16 UTC
Output:
----------------------------------------------------------
VCD info: dumpfile test_case_1.vcd opened for output.
VCD warning: $dumpvars: Package ($unit) is not dumpable with VCD.

============================================================
  TEST CASE: Reserve-0-Same-As-Full
============================================================

Testing: RESERVE=0 - prog_full should equal full
  FIFO depth: 16, threshold: 16
  After 15 writes: full=0, prog_full=0
  After 16 writes: full=1, prog_full=1
  PASS: RESERVE=0 - prog_full equals full

============================================================
  TEST CASE: Reserve-4-Threshold
============================================================

Testing: RESERVE=4 - prog_full at 12 entries
  After 11 writes: full=0, prog_full=0
  After 12 writes: full=0, prog_full=1
  After 16 writes: full=1, prog_full=1
  PASS: RESERVE=4 threshold correct

============================================================
  TEST CASE: Reserve-8-Half-Full
============================================================

Testing: RESERVE=8 - prog_full at 8 entries (half full)
  After 7 writes: full=0, prog_full=0
  After 8 writes: full=0, prog_full=1
  PASS: RESERVE=8 threshold correct

============================================================
  TEST CASE: Prog-Full-Deassert
============================================================

Testing: prog_full deasserts when below threshold
  After 5 reads: full=0, prog_full=0
  PASS: prog_full deasserts correctly

============================================================
  TEST CASE: Prog-Full-Full-Relationship
============================================================

Testing: full=1 always implies prog_full=1
  PASS: full implies prog_full relationship verified

============================================================
                     TEST SUMMARY
============================================================
  Total Checks : 21
  Failures     : 0
------------------------------------------------------------
  RESULT: *** PASSED ***
============================================================

/workspace/src/cores/async_fifo/test/prog_full_accuracy/async_fifo_prog_full_accuracy_tb.sv:386: $finish called at 9570000 (1ps)
<end of output>
Test time =   0.02 sec
----------------------------------------------------------
Test Passed.
"async_fifo_prog_full_accuracy_tb" end time: Dec 11 17:16 UTC
"async_fifo_prog_full_accuracy_tb" time elapsed: 00:00:00
----------------------------------------------------------

21/23 Testing: async_fifo_flag_consistency_tb
21/23 Test: async_fifo_flag_consistency_tb
Command: "/usr/bin/vvp" "/workspace/build/async_fifo_flag_consistency_tb.vvp"
Directory: /workspace/build
"async_fifo_flag_consistency_tb" start time: Dec 11 17:16 UTC
Output:
----------------------------------------------------------
VCD info: dumpfile test_case_1.vcd opened for output.
VCD warning: $dumpvars: Package ($unit) is not dumpable with VCD.

============================================================
  TEST CASE: Fill-Empty-Monitor
============================================================

Testing: Flag invariants during fill and empty cycle
  Samples checked: 66, Violations: 0
  PASS: Fill/empty flag consistency

============================================================
  TEST CASE: Random-Monitor
============================================================

Testing: Flag invariants during random operations
  Samples checked: 1000, Violations: 0
  PASS: Random operation flag consistency

============================================================
  TEST CASE: Boundary-Transitions
============================================================

Testing: Flag invariants at boundary transitions
  Samples checked: 190, Violations: 0
  PASS: Boundary transition flag consistency

============================================================
  TEST CASE: Reset-Transitions
============================================================

Testing: Flag invariants during reset transitions
  After reset: full=0, prog_full=0, empty=1, has_data=0
  Samples checked: 1, Violations: 0
  PASS: Reset transition flag consistency

============================================================
  TEST CASE: Has-Data-Empty-Inverse
============================================================

Testing: has_data is always inverse of empty
  Samples checked: 96, Violations: 0
  PASS: has_data always inverse of empty

============================================================
                     TEST SUMMARY
============================================================
  Total Checks : 7
  Failures     : 0
------------------------------------------------------------
  RESULT: *** PASSED ***
============================================================

/workspace/src/cores/async_fifo/test/flag_consistency/async_fifo_flag_consistency_tb.sv:436: $finish called at 42409500 (1ps)
<end of output>
Test time =   0.02 sec
----------------------------------------------------------
Test Passed.
"async_fifo_flag_consistency_tb" end time: Dec 11 17:16 UTC
"async_fifo_flag_consistency_tb" time elapsed: 00:00:00
----------------------------------------------------------

22/23 Testing: async_fifo_asymm_boundary_tb
22/23 Test: async_fifo_asymm_boundary_tb
Command: "/usr/bin/vvp" "/workspace/build/async_fifo_asymm_boundary_tb.vvp"
Directory: /workspace/build
"async_fifo_asymm_boundary_tb" start time: Dec 11 17:16 UTC
Output:
----------------------------------------------------------
VCD info: dumpfile test_case_1.vcd opened for output.
VCD warning: $dumpvars: Package ($unit) is not dumpable with VCD.

============================================================
  TEST CASE: Concat-Width-Ratio-Boundary
============================================================

Testing: Concat - Write 4 bytes, verify one 32-bit read
  After 3 writes: empty=1, has_data=0
  After 4 writes: empty=0, has_data=1
  Read data: 0xa3a2a1a0, expected: 0xa3a2a1a0
  PASS: Concat width ratio boundary

============================================================
  TEST CASE: Split-Width-Ratio-Boundary
============================================================

Testing: Split - Write one 32-bit word, verify 4 byte reads
  After 1 write: empty=0, has_data=1
  Read[0]: 0xbe
  Read[1]: 0xad
  Read[2]: 0xde
  Read[3]: 0xef

*** ASSERTION FAILED ***
  CHECK_EQUAL at /workspace/src/cores/async_fifo/test/asymm_boundary/async_fifo_asymm_boundary_tb.sv:227
  Test: Split-Width-Ratio-Boundary
  Expected: 190 (0xbe)
  Actual:   239 (0xef)


*** ASSERTION FAILED ***
  CHECK_EQUAL at /workspace/src/cores/async_fifo/test/asymm_boundary/async_fifo_asymm_boundary_tb.sv:228
  Test: Split-Width-Ratio-Boundary
  Expected: 173 (0xad)
  Actual:   190 (0xbe)


*** ASSERTION FAILED ***
  CHECK_EQUAL at /workspace/src/cores/async_fifo/test/asymm_boundary/async_fifo_asymm_boundary_tb.sv:229
  Test: Split-Width-Ratio-Boundary
  Expected: 222 (0xde)
  Actual:   173 (0xad)


*** ASSERTION FAILED ***
  CHECK_EQUAL at /workspace/src/cores/async_fifo/test/asymm_boundary/async_fifo_asymm_boundary_tb.sv:230
  Test: Split-Width-Ratio-Boundary
  Expected: 239 (0xef)
  Actual:   222 (0xde)

  PASS: Split width ratio boundary

============================================================
  TEST CASE: Concat-Multiple-Words
============================================================

Testing: Concat - 4 complete words
  ERROR word 0: got 0x13121110, expected 0x03020100
  ERROR word 1: got 0x23222120, expected 0x13121110
  ERROR word 2: got 0x33323130, expected 0x23222120

*** ASSERTION FAILED ***
  CHECK_EQUAL at /workspace/src/cores/async_fifo/test/asymm_boundary/async_fifo_asymm_boundary_tb.sv:290
  Test: Concat-Multiple-Words
  Expected: 3 (0x3)
  Actual:   0 (0x0)

  PASS: Concat multiple words

============================================================
  TEST CASE: Split-Interleaved
============================================================

Testing: Split - Interleaved read/write
  Read[0]: 0x03
  Read[1]: 0x02
  Read[2]: 0x01
  Read[3]: 0x08
  Read[4]: 0x07
  Read[5]: 0x06
  Read[6]: 0x05
  Read[7]: 0x08
  Total bytes read: 8 (expected 8)
  PASS: Split interleaved

============================================================
  TEST CASE: Concat-Streaming
============================================================

Testing: Concat - Streaming 10 words
  Words transferred: 10, Errors: 0
  PASS: Concat streaming

============================================================
  TEST CASE: Split-Streaming
============================================================

Testing: Split - Streaming 10 words (40 bytes)
  Bytes transferred: 40, Errors: 40

*** ASSERTION FAILED ***
  CHECK_EQUAL at /workspace/src/cores/async_fifo/test/asymm_boundary/async_fifo_asymm_boundary_tb.sv:480
  Test: Split-Streaming
  Expected: 40 (0x28)
  Actual:   0 (0x0)

  PASS: Split streaming

============================================================
                     TEST SUMMARY
============================================================
  Total Checks : 19
  Failures     : 6
------------------------------------------------------------
  RESULT: *** FAILED ***
============================================================

/workspace/src/cores/async_fifo/test/asymm_boundary/async_fifo_asymm_boundary_tb.sv:508: $finish called at 12490000 (1ps)
<end of output>
Test time =   0.01 sec
----------------------------------------------------------
Test Passed.
"async_fifo_asymm_boundary_tb" end time: Dec 11 17:16 UTC
"async_fifo_asymm_boundary_tb" time elapsed: 00:00:00
----------------------------------------------------------

23/23 Testing: async_fifo_asymm_ratios_tb
23/23 Test: async_fifo_asymm_ratios_tb
Command: "/usr/bin/vvp" "/workspace/build/async_fifo_asymm_ratios_tb.vvp"
Directory: /workspace/build
"async_fifo_asymm_ratios_tb" start time: Dec 11 17:16 UTC
Output:
----------------------------------------------------------
VCD info: dumpfile test_case_1.vcd opened for output.
VCD warning: $dumpvars: Package ($unit) is not dumpable with VCD.

============================================================
  TEST CASE: Concat-2to1-Ratio
============================================================

Testing: Concat 2:1 (8-bit write, 16-bit read)
  ERROR word 0: got 0x0302
  ERROR word 1: got 0x0504
  ERROR word 2: got 0x0706
  ERROR word 3: got 0x0908
  Errors: 4

*** ASSERTION FAILED ***
  CHECK_EQUAL at /workspace/src/cores/async_fifo/test/asymm_ratios/async_fifo_asymm_ratios_tb.sv:205
  Test: Concat-2to1-Ratio
  Expected: 4 (0x4)
  Actual:   0 (0x0)

  PASS: Concat 2:1 ratio

============================================================
  TEST CASE: Concat-4to1-Ratio
============================================================

Testing: Concat 4:1 (8-bit write, 32-bit read)
  Errors: 16

*** ASSERTION FAILED ***
  CHECK_EQUAL at /workspace/src/cores/async_fifo/test/asymm_ratios/async_fifo_asymm_ratios_tb.sv:257
  Test: Concat-4to1-Ratio
  Expected: 16 (0x10)
  Actual:   0 (0x0)

  PASS: Concat 4:1 ratio

============================================================
  TEST CASE: Split-2to1-Ratio
============================================================

Testing: Split 2:1 (16-bit write, 8-bit read)
  ERROR byte 0: got 0x01, expected 0x00000000
  ERROR byte 1: got 0x02, expected 0x00000001
  ERROR byte 2: got 0x03, expected 0x00000002
  ERROR byte 3: got 0x04, expected 0x00000003
  ERROR byte 4: got 0x05, expected 0x00000004
  ERROR byte 5: got 0x06, expected 0x00000005
  ERROR byte 6: got 0x07, expected 0x00000006
  ERROR byte 7: got 0x08, expected 0x00000007
  ERROR byte 8: got 0x09, expected 0x00000008
  ERROR byte 9: got 0x08, expected 0x00000009
  Bytes read: 10, Errors: 10

*** ASSERTION FAILED ***
  CHECK_EQUAL at /workspace/src/cores/async_fifo/test/asymm_ratios/async_fifo_asymm_ratios_tb.sv:309
  Test: Split-2to1-Ratio
  Expected: 10 (0xa)
  Actual:   0 (0x0)

  PASS: Split 2:1 ratio

============================================================
  TEST CASE: Split-4to1-Ratio
============================================================

Testing: Split 4:1 (32-bit write, 8-bit read)
  ERROR byte 0: got 0x01, expected 0x00000000
  ERROR byte 1: got 0x02, expected 0x00000001
  ERROR byte 2: got 0x03, expected 0x00000002
  ERROR byte 3: got 0x04, expected 0x00000003
  ERROR byte 4: got 0x05, expected 0x00000004
  ERROR byte 5: got 0x06, expected 0x00000005
  ERROR byte 6: got 0x07, expected 0x00000006
  ERROR byte 7: got 0x08, expected 0x00000007
  ERROR byte 8: got 0x09, expected 0x00000008
  ERROR byte 9: got 0x0a, expected 0x00000009
  ERROR byte 10: got 0x0b, expected 0x0000000a
  ERROR byte 11: got 0x0c, expected 0x0000000b
  ERROR byte 12: got 0x0d, expected 0x0000000c
  ERROR byte 13: got 0x0e, expected 0x0000000d
  ERROR byte 14: got 0x0f, expected 0x0000000e
  ERROR byte 15: got 0x10, expected 0x0000000f
  ERROR byte 16: got 0x11, expected 0x00000010
  ERROR byte 17: got 0x12, expected 0x00000011
  ERROR byte 18: got 0x13, expected 0x00000012
  ERROR byte 19: got 0x10, expected 0x00000013
  Bytes read: 20, Errors: 20

*** ASSERTION FAILED ***
  CHECK_EQUAL at /workspace/src/cores/async_fifo/test/asymm_ratios/async_fifo_asymm_ratios_tb.sv:361
  Test: Split-4to1-Ratio
  Expected: 20 (0x14)
  Actual:   0 (0x0)

  PASS: Split 4:1 ratio

============================================================
  TEST CASE: All-Ratios-Concurrent
============================================================

Testing: All ratios operating concurrently
  Concat2: wr=20, rd=10
  Concat4: wr=40, rd=10
  Split2: wr=10, rd=20
  Split4: wr=10, rd=40
  PASS: All ratios concurrent

============================================================
                     TEST SUMMARY
============================================================
  Total Checks : 8
  Failures     : 4
------------------------------------------------------------
  RESULT: *** FAILED ***
============================================================

/workspace/src/cores/async_fifo/test/asymm_ratios/async_fifo_asymm_ratios_tb.sv:523: $finish called at 11290000 (1ps)
<end of output>
Test time =   0.02 sec
----------------------------------------------------------
Test Passed.
"async_fifo_asymm_ratios_tb" end time: Dec 11 17:16 UTC
"async_fifo_asymm_ratios_tb" time elapsed: 00:00:00
----------------------------------------------------------

End testing: Dec 11 17:16 UTC
